{"/Users/hawkpdx/Development/code/project-dev-resume/src/components/About.jsx": {"path":"/Users/hawkpdx/Development/code/project-dev-resume/src/components/About.jsx","statementMap":{"0":{"start":{"line":4,"column":14},"end":{"line":57,"column":1}},"1":{"start":{"line":5,"column":42},"end":{"line":5,"column":59}},"2":{"start":{"line":7,"column":2},"end":{"line":7,"column":74}},"3":{"start":{"line":7,"column":15},"end":{"line":7,"column":74}},"4":{"start":{"line":9,"column":2},"end":{"line":56,"column":4}}},"fnMap":{"0":{"name":"(anonymous_0)","decl":{"start":{"line":4,"column":14},"end":{"line":4,"column":15}},"loc":{"start":{"line":4,"column":20},"end":{"line":57,"column":1}},"line":4}},"branchMap":{"0":{"loc":{"start":{"line":7,"column":2},"end":{"line":7,"column":74}},"type":"if","locations":[{"start":{"line":7,"column":2},"end":{"line":7,"column":74}},{"start":{},"end":{}}],"line":7},"1":{"loc":{"start":{"line":19,"column":13},"end":{"line":19,"column":108}},"type":"binary-expr","locations":[{"start":{"line":19,"column":13},"end":{"line":19,"column":34}},{"start":{"line":19,"column":38},"end":{"line":19,"column":108}}],"line":19},"2":{"loc":{"start":{"line":26,"column":44},"end":{"line":26,"column":91}},"type":"binary-expr","locations":[{"start":{"line":26,"column":44},"end":{"line":26,"column":63}},{"start":{"line":26,"column":67},"end":{"line":26,"column":91}}],"line":26},"3":{"loc":{"start":{"line":27,"column":47},"end":{"line":27,"column":91}},"type":"binary-expr","locations":[{"start":{"line":27,"column":47},"end":{"line":27,"column":69}},{"start":{"line":27,"column":73},"end":{"line":27,"column":91}}],"line":27},"4":{"loc":{"start":{"line":28,"column":44},"end":{"line":28,"column":86}},"type":"binary-expr","locations":[{"start":{"line":28,"column":44},"end":{"line":28,"column":63}},{"start":{"line":28,"column":67},"end":{"line":28,"column":86}}],"line":28},"5":{"loc":{"start":{"line":35,"column":17},"end":{"line":39,"column":17}},"type":"binary-expr","locations":[{"start":{"line":35,"column":17},"end":{"line":35,"column":37}},{"start":{"line":36,"column":18},"end":{"line":38,"column":22}}],"line":35},"6":{"loc":{"start":{"line":40,"column":17},"end":{"line":44,"column":17}},"type":"binary-expr","locations":[{"start":{"line":40,"column":17},"end":{"line":40,"column":39}},{"start":{"line":41,"column":18},"end":{"line":43,"column":22}}],"line":40},"7":{"loc":{"start":{"line":45,"column":17},"end":{"line":49,"column":17}},"type":"binary-expr","locations":[{"start":{"line":45,"column":17},"end":{"line":45,"column":38}},{"start":{"line":46,"column":18},"end":{"line":48,"column":22}}],"line":45}},"s":{"0":0,"1":0,"2":0,"3":0,"4":0},"f":{"0":0},"b":{"0":[0,0],"1":[0,0],"2":[0,0],"3":[0,0],"4":[0,0],"5":[0,0],"6":[0,0],"7":[0,0]}}
,"/Users/hawkpdx/Development/code/project-dev-resume/src/components/Contact.jsx": {"path":"/Users/hawkpdx/Development/code/project-dev-resume/src/components/Contact.jsx","statementMap":{"0":{"start":{"line":7,"column":16},"end":{"line":148,"column":1}},"1":{"start":{"line":8,"column":33},"end":{"line":8,"column":50}},"2":{"start":{"line":9,"column":34},"end":{"line":13,"column":4}},"3":{"start":{"line":14,"column":30},"end":{"line":14,"column":42}},"4":{"start":{"line":15,"column":42},"end":{"line":15,"column":57}},"5":{"start":{"line":17,"column":23},"end":{"line":47,"column":3}},"6":{"start":{"line":18,"column":4},"end":{"line":18,"column":23}},"7":{"start":{"line":20,"column":23},"end":{"line":20,"column":45}},"8":{"start":{"line":21,"column":4},"end":{"line":24,"column":5}},"9":{"start":{"line":22,"column":6},"end":{"line":22,"column":35}},"10":{"start":{"line":23,"column":6},"end":{"line":23,"column":13}},"11":{"start":{"line":26,"column":4},"end":{"line":26,"column":26}},"12":{"start":{"line":27,"column":4},"end":{"line":27,"column":18}},"13":{"start":{"line":29,"column":4},"end":{"line":46,"column":5}},"14":{"start":{"line":30,"column":23},"end":{"line":30,"column":65}},"15":{"start":{"line":32,"column":6},"end":{"line":40,"column":7}},"16":{"start":{"line":34,"column":8},"end":{"line":34,"column":58}},"17":{"start":{"line":35,"column":8},"end":{"line":35,"column":41}},"18":{"start":{"line":36,"column":8},"end":{"line":36,"column":99}},"19":{"start":{"line":38,"column":8},"end":{"line":38,"column":42}},"20":{"start":{"line":39,"column":8},"end":{"line":39,"column":82}},"21":{"start":{"line":42,"column":6},"end":{"line":42,"column":40}},"22":{"start":{"line":43,"column":6},"end":{"line":43,"column":88}},"23":{"start":{"line":45,"column":6},"end":{"line":45,"column":29}},"24":{"start":{"line":49,"column":23},"end":{"line":54,"column":3}},"25":{"start":{"line":50,"column":4},"end":{"line":53,"column":7}},"26":{"start":{"line":56,"column":2},"end":{"line":147,"column":4}}},"fnMap":{"0":{"name":"(anonymous_0)","decl":{"start":{"line":7,"column":16},"end":{"line":7,"column":17}},"loc":{"start":{"line":7,"column":22},"end":{"line":148,"column":1}},"line":7},"1":{"name":"(anonymous_1)","decl":{"start":{"line":17,"column":23},"end":{"line":17,"column":24}},"loc":{"start":{"line":17,"column":36},"end":{"line":47,"column":3}},"line":17},"2":{"name":"(anonymous_2)","decl":{"start":{"line":49,"column":23},"end":{"line":49,"column":24}},"loc":{"start":{"line":49,"column":30},"end":{"line":54,"column":3}},"line":49}},"branchMap":{"0":{"loc":{"start":{"line":21,"column":4},"end":{"line":24,"column":5}},"type":"if","locations":[{"start":{"line":21,"column":4},"end":{"line":24,"column":5}},{"start":{},"end":{}}],"line":21},"1":{"loc":{"start":{"line":32,"column":6},"end":{"line":40,"column":7}},"type":"if","locations":[{"start":{"line":32,"column":6},"end":{"line":40,"column":7}},{"start":{"line":37,"column":13},"end":{"line":40,"column":7}}],"line":32},"2":{"loc":{"start":{"line":36,"column":14},"end":{"line":36,"column":97}},"type":"binary-expr","locations":[{"start":{"line":36,"column":14},"end":{"line":36,"column":35}},{"start":{"line":36,"column":39},"end":{"line":36,"column":97}}],"line":36},"3":{"loc":{"start":{"line":39,"column":14},"end":{"line":39,"column":80}},"type":"binary-expr","locations":[{"start":{"line":39,"column":14},"end":{"line":39,"column":33}},{"start":{"line":39,"column":37},"end":{"line":39,"column":80}}],"line":39},"4":{"loc":{"start":{"line":43,"column":12},"end":{"line":43,"column":86}},"type":"binary-expr","locations":[{"start":{"line":43,"column":12},"end":{"line":43,"column":39}},{"start":{"line":43,"column":43},"end":{"line":43,"column":86}}],"line":43},"5":{"loc":{"start":{"line":82,"column":15},"end":{"line":82,"column":88}},"type":"binary-expr","locations":[{"start":{"line":82,"column":15},"end":{"line":82,"column":26}},{"start":{"line":82,"column":30},"end":{"line":82,"column":88}}],"line":82},"6":{"loc":{"start":{"line":98,"column":15},"end":{"line":98,"column":90}},"type":"binary-expr","locations":[{"start":{"line":98,"column":15},"end":{"line":98,"column":27}},{"start":{"line":98,"column":31},"end":{"line":98,"column":90}}],"line":98},"7":{"loc":{"start":{"line":114,"column":15},"end":{"line":114,"column":94}},"type":"binary-expr","locations":[{"start":{"line":114,"column":15},"end":{"line":114,"column":29}},{"start":{"line":114,"column":33},"end":{"line":114,"column":94}}],"line":114},"8":{"loc":{"start":{"line":123,"column":17},"end":{"line":123,"column":61}},"type":"cond-expr","locations":[{"start":{"line":123,"column":32},"end":{"line":123,"column":44}},{"start":{"line":123,"column":47},"end":{"line":123,"column":61}}],"line":123},"9":{"loc":{"start":{"line":131,"column":15},"end":{"line":138,"column":15}},"type":"binary-expr","locations":[{"start":{"line":131,"column":15},"end":{"line":131,"column":34}},{"start":{"line":132,"column":16},"end":{"line":137,"column":20}}],"line":131},"10":{"loc":{"start":{"line":139,"column":15},"end":{"line":141,"column":15}},"type":"binary-expr","locations":[{"start":{"line":139,"column":15},"end":{"line":139,"column":34}},{"start":{"line":140,"column":16},"end":{"line":140,"column":69}}],"line":139}},"s":{"0":0,"1":0,"2":0,"3":0,"4":0,"5":0,"6":0,"7":0,"8":0,"9":0,"10":0,"11":0,"12":0,"13":0,"14":0,"15":0,"16":0,"17":0,"18":0,"19":0,"20":0,"21":0,"22":0,"23":0,"24":0,"25":0,"26":0},"f":{"0":0,"1":0,"2":0},"b":{"0":[0,0],"1":[0,0],"2":[0,0],"3":[0,0],"4":[0,0],"5":[0,0],"6":[0,0],"7":[0,0],"8":[0,0],"9":[0,0],"10":[0,0]}}
,"/Users/hawkpdx/Development/code/project-dev-resume/src/components/ErrorBoundary.jsx": {"path":"/Users/hawkpdx/Development/code/project-dev-resume/src/components/ErrorBoundary.jsx","statementMap":{"0":{"start":{"line":5,"column":8},"end":{"line":5,"column":21}},"1":{"start":{"line":6,"column":8},"end":{"line":6,"column":54}},"2":{"start":{"line":10,"column":8},"end":{"line":10,"column":41}},"3":{"start":{"line":14,"column":8},"end":{"line":14,"column":69}},"4":{"start":{"line":18,"column":8},"end":{"line":25,"column":9}},"5":{"start":{"line":19,"column":12},"end":{"line":24,"column":14}},"6":{"start":{"line":27,"column":8},"end":{"line":27,"column":35}}},"fnMap":{"0":{"name":"(anonymous_0)","decl":{"start":{"line":4,"column":4},"end":{"line":4,"column":5}},"loc":{"start":{"line":4,"column":23},"end":{"line":7,"column":5}},"line":4},"1":{"name":"(anonymous_1)","decl":{"start":{"line":9,"column":4},"end":{"line":9,"column":5}},"loc":{"start":{"line":9,"column":43},"end":{"line":11,"column":5}},"line":9},"2":{"name":"(anonymous_2)","decl":{"start":{"line":13,"column":4},"end":{"line":13,"column":5}},"loc":{"start":{"line":13,"column":40},"end":{"line":15,"column":5}},"line":13},"3":{"name":"(anonymous_3)","decl":{"start":{"line":17,"column":4},"end":{"line":17,"column":5}},"loc":{"start":{"line":17,"column":13},"end":{"line":28,"column":5}},"line":17}},"branchMap":{"0":{"loc":{"start":{"line":18,"column":8},"end":{"line":25,"column":9}},"type":"if","locations":[{"start":{"line":18,"column":8},"end":{"line":25,"column":9}},{"start":{},"end":{}}],"line":18}},"s":{"0":0,"1":0,"2":0,"3":0,"4":0,"5":0,"6":0},"f":{"0":0,"1":0,"2":0,"3":0},"b":{"0":[0,0]}}
,"/Users/hawkpdx/Development/code/project-dev-resume/src/components/Experience.jsx": {"path":"/Users/hawkpdx/Development/code/project-dev-resume/src/components/Experience.jsx","statementMap":{"0":{"start":{"line":4,"column":19},"end":{"line":67,"column":1}},"1":{"start":{"line":5,"column":41},"end":{"line":5,"column":56}},"2":{"start":{"line":7,"column":2},"end":{"line":7,"column":85}},"3":{"start":{"line":7,"column":15},"end":{"line":7,"column":85}},"4":{"start":{"line":9,"column":2},"end":{"line":66,"column":4}},"5":{"start":{"line":22,"column":12},"end":{"line":61,"column":18}},"6":{"start":{"line":42,"column":22},"end":{"line":47,"column":29}}},"fnMap":{"0":{"name":"(anonymous_0)","decl":{"start":{"line":4,"column":19},"end":{"line":4,"column":20}},"loc":{"start":{"line":4,"column":25},"end":{"line":67,"column":1}},"line":4},"1":{"name":"(anonymous_1)","decl":{"start":{"line":21,"column":27},"end":{"line":21,"column":28}},"loc":{"start":{"line":22,"column":12},"end":{"line":61,"column":18}},"line":22},"2":{"name":"(anonymous_2)","decl":{"start":{"line":41,"column":53},"end":{"line":41,"column":54}},"loc":{"start":{"line":42,"column":22},"end":{"line":47,"column":29}},"line":42}},"branchMap":{"0":{"loc":{"start":{"line":7,"column":2},"end":{"line":7,"column":85}},"type":"if","locations":[{"start":{"line":7,"column":2},"end":{"line":7,"column":85}},{"start":{},"end":{}}],"line":7},"1":{"loc":{"start":{"line":30,"column":40},"end":{"line":30,"column":78}},"type":"cond-expr","locations":[{"start":{"line":30,"column":54},"end":{"line":30,"column":63}},{"start":{"line":30,"column":66},"end":{"line":30,"column":78}}],"line":30},"2":{"loc":{"start":{"line":37,"column":15},"end":{"line":51,"column":15}},"type":"binary-expr","locations":[{"start":{"line":37,"column":15},"end":{"line":37,"column":31}},{"start":{"line":38,"column":16},"end":{"line":50,"column":22}}],"line":37},"3":{"loc":{"start":{"line":53,"column":15},"end":{"line":60,"column":15}},"type":"binary-expr","locations":[{"start":{"line":53,"column":15},"end":{"line":53,"column":31}},{"start":{"line":54,"column":16},"end":{"line":59,"column":22}}],"line":53}},"s":{"0":0,"1":0,"2":0,"3":0,"4":0,"5":0,"6":0},"f":{"0":0,"1":0,"2":0},"b":{"0":[0,0],"1":[0,0],"2":[0,0],"3":[0,0]}}
,"/Users/hawkpdx/Development/code/project-dev-resume/src/components/Footer.jsx": {"path":"/Users/hawkpdx/Development/code/project-dev-resume/src/components/Footer.jsx","statementMap":{"0":{"start":{"line":4,"column":15},"end":{"line":41,"column":1}},"1":{"start":{"line":5,"column":33},"end":{"line":5,"column":50}},"2":{"start":{"line":7,"column":2},"end":{"line":40,"column":4}}},"fnMap":{"0":{"name":"(anonymous_0)","decl":{"start":{"line":4,"column":15},"end":{"line":4,"column":16}},"loc":{"start":{"line":4,"column":21},"end":{"line":41,"column":1}},"line":4}},"branchMap":{"0":{"loc":{"start":{"line":12,"column":13},"end":{"line":12,"column":46}},"type":"binary-expr","locations":[{"start":{"line":12,"column":13},"end":{"line":12,"column":31}},{"start":{"line":12,"column":35},"end":{"line":12,"column":46}}],"line":12},"1":{"loc":{"start":{"line":15,"column":13},"end":{"line":19,"column":13}},"type":"binary-expr","locations":[{"start":{"line":15,"column":13},"end":{"line":15,"column":32}},{"start":{"line":16,"column":14},"end":{"line":18,"column":16}}],"line":15},"2":{"loc":{"start":{"line":20,"column":13},"end":{"line":22,"column":13}},"type":"binary-expr","locations":[{"start":{"line":20,"column":13},"end":{"line":20,"column":32}},{"start":{"line":21,"column":14},"end":{"line":21,"column":73}}],"line":20},"3":{"loc":{"start":{"line":23,"column":13},"end":{"line":27,"column":13}},"type":"binary-expr","locations":[{"start":{"line":23,"column":13},"end":{"line":23,"column":35}},{"start":{"line":24,"column":14},"end":{"line":26,"column":18}}],"line":23},"4":{"loc":{"start":{"line":28,"column":13},"end":{"line":32,"column":13}},"type":"binary-expr","locations":[{"start":{"line":28,"column":13},"end":{"line":28,"column":33}},{"start":{"line":29,"column":14},"end":{"line":31,"column":18}}],"line":28},"5":{"loc":{"start":{"line":35,"column":20},"end":{"line":35,"column":53}},"type":"binary-expr","locations":[{"start":{"line":35,"column":20},"end":{"line":35,"column":38}},{"start":{"line":35,"column":42},"end":{"line":35,"column":53}}],"line":35}},"s":{"0":0,"1":0,"2":0},"f":{"0":0},"b":{"0":[0,0],"1":[0,0],"2":[0,0],"3":[0,0],"4":[0,0],"5":[0,0]}}
,"/Users/hawkpdx/Development/code/project-dev-resume/src/components/Hero.jsx": {"path":"/Users/hawkpdx/Development/code/project-dev-resume/src/components/Hero.jsx","statementMap":{"0":{"start":{"line":4,"column":13},"end":{"line":60,"column":1}},"1":{"start":{"line":5,"column":42},"end":{"line":5,"column":59}},"2":{"start":{"line":7,"column":2},"end":{"line":7,"column":102}},"3":{"start":{"line":7,"column":15},"end":{"line":7,"column":102}},"4":{"start":{"line":9,"column":2},"end":{"line":59,"column":4}}},"fnMap":{"0":{"name":"(anonymous_0)","decl":{"start":{"line":4,"column":13},"end":{"line":4,"column":14}},"loc":{"start":{"line":4,"column":19},"end":{"line":60,"column":1}},"line":4}},"branchMap":{"0":{"loc":{"start":{"line":7,"column":2},"end":{"line":7,"column":102}},"type":"if","locations":[{"start":{"line":7,"column":2},"end":{"line":7,"column":102}},{"start":{},"end":{}}],"line":7},"1":{"loc":{"start":{"line":14,"column":13},"end":{"line":14,"column":46}},"type":"binary-expr","locations":[{"start":{"line":14,"column":13},"end":{"line":14,"column":31}},{"start":{"line":14,"column":35},"end":{"line":14,"column":46}}],"line":14},"2":{"loc":{"start":{"line":17,"column":13},"end":{"line":17,"column":58}},"type":"binary-expr","locations":[{"start":{"line":17,"column":13},"end":{"line":17,"column":32}},{"start":{"line":17,"column":36},"end":{"line":17,"column":58}}],"line":17},"3":{"loc":{"start":{"line":20,"column":13},"end":{"line":20,"column":105}},"type":"binary-expr","locations":[{"start":{"line":20,"column":13},"end":{"line":20,"column":34}},{"start":{"line":20,"column":38},"end":{"line":20,"column":105}}],"line":20},"4":{"loc":{"start":{"line":39,"column":13},"end":{"line":46,"column":13}},"type":"binary-expr","locations":[{"start":{"line":39,"column":13},"end":{"line":39,"column":33}},{"start":{"line":40,"column":14},"end":{"line":45,"column":18}}],"line":39},"5":{"loc":{"start":{"line":47,"column":13},"end":{"line":54,"column":13}},"type":"binary-expr","locations":[{"start":{"line":47,"column":13},"end":{"line":47,"column":35}},{"start":{"line":48,"column":14},"end":{"line":53,"column":18}}],"line":47}},"s":{"0":0,"1":0,"2":0,"3":0,"4":0},"f":{"0":0},"b":{"0":[0,0],"1":[0,0],"2":[0,0],"3":[0,0],"4":[0,0],"5":[0,0]}}
,"/Users/hawkpdx/Development/code/project-dev-resume/src/components/Navbar.jsx": {"path":"/Users/hawkpdx/Development/code/project-dev-resume/src/components/Navbar.jsx","statementMap":{"0":{"start":{"line":4,"column":15},"end":{"line":70,"column":1}},"1":{"start":{"line":5,"column":30},"end":{"line":5,"column":45}},"2":{"start":{"line":7,"column":21},"end":{"line":13,"column":3}},"3":{"start":{"line":15,"column":2},"end":{"line":69,"column":4}},"4":{"start":{"line":26,"column":16},"end":{"line":32,"column":20}},"5":{"start":{"line":39,"column":29},"end":{"line":39,"column":47}},"6":{"start":{"line":56,"column":14},"end":{"line":63,"column":18}},"7":{"start":{"line":60,"column":31},"end":{"line":60,"column":47}}},"fnMap":{"0":{"name":"(anonymous_0)","decl":{"start":{"line":4,"column":15},"end":{"line":4,"column":16}},"loc":{"start":{"line":4,"column":21},"end":{"line":70,"column":1}},"line":4},"1":{"name":"(anonymous_1)","decl":{"start":{"line":25,"column":30},"end":{"line":25,"column":31}},"loc":{"start":{"line":26,"column":16},"end":{"line":32,"column":20}},"line":26},"2":{"name":"(anonymous_2)","decl":{"start":{"line":39,"column":23},"end":{"line":39,"column":24}},"loc":{"start":{"line":39,"column":29},"end":{"line":39,"column":47}},"line":39},"3":{"name":"(anonymous_3)","decl":{"start":{"line":55,"column":28},"end":{"line":55,"column":29}},"loc":{"start":{"line":56,"column":14},"end":{"line":63,"column":18}},"line":56},"4":{"name":"(anonymous_4)","decl":{"start":{"line":60,"column":25},"end":{"line":60,"column":26}},"loc":{"start":{"line":60,"column":31},"end":{"line":60,"column":47}},"line":60}},"branchMap":{"0":{"loc":{"start":{"line":42,"column":15},"end":{"line":46,"column":15}},"type":"cond-expr","locations":[{"start":{"line":43,"column":16},"end":{"line":43,"column":49}},{"start":{"line":45,"column":16},"end":{"line":45,"column":49}}],"line":42},"1":{"loc":{"start":{"line":52,"column":7},"end":{"line":67,"column":7}},"type":"binary-expr","locations":[{"start":{"line":52,"column":7},"end":{"line":52,"column":13}},{"start":{"line":53,"column":8},"end":{"line":66,"column":14}}],"line":52}},"s":{"0":0,"1":0,"2":0,"3":0,"4":0,"5":0,"6":0,"7":0},"f":{"0":0,"1":0,"2":0,"3":0,"4":0},"b":{"0":[0,0],"1":[0,0]}}
,"/Users/hawkpdx/Development/code/project-dev-resume/src/components/Projects.jsx": {"path":"/Users/hawkpdx/Development/code/project-dev-resume/src/components/Projects.jsx","statementMap":{"0":{"start":{"line":5,"column":17},"end":{"line":77,"column":1}},"1":{"start":{"line":6,"column":38},"end":{"line":6,"column":51}},"2":{"start":{"line":8,"column":2},"end":{"line":8,"column":83}},"3":{"start":{"line":8,"column":15},"end":{"line":8,"column":83}},"4":{"start":{"line":10,"column":2},"end":{"line":76,"column":4}},"5":{"start":{"line":23,"column":12},"end":{"line":71,"column":18}},"6":{"start":{"line":36,"column":22},"end":{"line":41,"column":29}}},"fnMap":{"0":{"name":"(anonymous_0)","decl":{"start":{"line":5,"column":17},"end":{"line":5,"column":18}},"loc":{"start":{"line":5,"column":23},"end":{"line":77,"column":1}},"line":5},"1":{"name":"(anonymous_1)","decl":{"start":{"line":22,"column":24},"end":{"line":22,"column":25}},"loc":{"start":{"line":23,"column":12},"end":{"line":71,"column":18}},"line":23},"2":{"name":"(anonymous_2)","decl":{"start":{"line":35,"column":58},"end":{"line":35,"column":59}},"loc":{"start":{"line":36,"column":22},"end":{"line":41,"column":29}},"line":36}},"branchMap":{"0":{"loc":{"start":{"line":8,"column":2},"end":{"line":8,"column":83}},"type":"if","locations":[{"start":{"line":8,"column":2},"end":{"line":8,"column":83}},{"start":{},"end":{}}],"line":8},"1":{"loc":{"start":{"line":47,"column":19},"end":{"line":57,"column":19}},"type":"binary-expr","locations":[{"start":{"line":47,"column":19},"end":{"line":47,"column":37}},{"start":{"line":48,"column":20},"end":{"line":56,"column":24}}],"line":47},"2":{"loc":{"start":{"line":58,"column":19},"end":{"line":68,"column":19}},"type":"binary-expr","locations":[{"start":{"line":58,"column":19},"end":{"line":58,"column":35}},{"start":{"line":59,"column":20},"end":{"line":67,"column":24}}],"line":58}},"s":{"0":0,"1":0,"2":0,"3":0,"4":0,"5":0,"6":0},"f":{"0":0,"1":0,"2":0},"b":{"0":[0,0],"1":[0,0],"2":[0,0]}}
,"/Users/hawkpdx/Development/code/project-dev-resume/src/components/Skills.jsx": {"path":"/Users/hawkpdx/Development/code/project-dev-resume/src/components/Skills.jsx","statementMap":{"0":{"start":{"line":4,"column":15},"end":{"line":50,"column":1}},"1":{"start":{"line":5,"column":36},"end":{"line":5,"column":47}},"2":{"start":{"line":7,"column":2},"end":{"line":7,"column":81}},"3":{"start":{"line":7,"column":15},"end":{"line":7,"column":81}},"4":{"start":{"line":9,"column":26},"end":{"line":9,"column":45}},"5":{"start":{"line":11,"column":2},"end":{"line":49,"column":4}},"6":{"start":{"line":24,"column":12},"end":{"line":44,"column":18}},"7":{"start":{"line":30,"column":18},"end":{"line":41,"column":24}}},"fnMap":{"0":{"name":"(anonymous_0)","decl":{"start":{"line":4,"column":15},"end":{"line":4,"column":16}},"loc":{"start":{"line":4,"column":21},"end":{"line":50,"column":1}},"line":4},"1":{"name":"(anonymous_1)","decl":{"start":{"line":23,"column":31},"end":{"line":23,"column":32}},"loc":{"start":{"line":24,"column":12},"end":{"line":44,"column":18}},"line":24},"2":{"name":"(anonymous_2)","decl":{"start":{"line":29,"column":39},"end":{"line":29,"column":40}},"loc":{"start":{"line":30,"column":18},"end":{"line":41,"column":24}},"line":30}},"branchMap":{"0":{"loc":{"start":{"line":7,"column":2},"end":{"line":7,"column":81}},"type":"if","locations":[{"start":{"line":7,"column":2},"end":{"line":7,"column":81}},{"start":{},"end":{}}],"line":7}},"s":{"0":0,"1":0,"2":0,"3":0,"4":0,"5":0,"6":0,"7":0},"f":{"0":0,"1":0,"2":0},"b":{"0":[0,0]}}
,"/Users/hawkpdx/Development/code/project-dev-resume/src/hooks/useData.js": {"path":"/Users/hawkpdx/Development/code/project-dev-resume/src/hooks/useData.js","statementMap":{"0":{"start":{"line":4,"column":31},"end":{"line":25,"column":1}},"1":{"start":{"line":5,"column":28},"end":{"line":5,"column":42}},"2":{"start":{"line":6,"column":34},"end":{"line":6,"column":48}},"3":{"start":{"line":7,"column":30},"end":{"line":7,"column":44}},"4":{"start":{"line":9,"column":4},"end":{"line":22,"column":11}},"5":{"start":{"line":10,"column":26},"end":{"line":19,"column":9}},"6":{"start":{"line":11,"column":12},"end":{"line":18,"column":13}},"7":{"start":{"line":12,"column":33},"end":{"line":12,"column":70}},"8":{"start":{"line":13,"column":16},"end":{"line":13,"column":39}},"9":{"start":{"line":15,"column":16},"end":{"line":15,"column":38}},"10":{"start":{"line":17,"column":16},"end":{"line":17,"column":34}},"11":{"start":{"line":21,"column":8},"end":{"line":21,"column":20}},"12":{"start":{"line":24,"column":4},"end":{"line":24,"column":36}},"13":{"start":{"line":27,"column":27},"end":{"line":48,"column":1}},"14":{"start":{"line":28,"column":28},"end":{"line":28,"column":40}},"15":{"start":{"line":29,"column":34},"end":{"line":29,"column":48}},"16":{"start":{"line":30,"column":30},"end":{"line":30,"column":44}},"17":{"start":{"line":32,"column":4},"end":{"line":45,"column":11}},"18":{"start":{"line":33,"column":26},"end":{"line":42,"column":9}},"19":{"start":{"line":34,"column":12},"end":{"line":41,"column":13}},"20":{"start":{"line":35,"column":33},"end":{"line":35,"column":68}},"21":{"start":{"line":36,"column":16},"end":{"line":36,"column":39}},"22":{"start":{"line":38,"column":16},"end":{"line":38,"column":38}},"23":{"start":{"line":40,"column":16},"end":{"line":40,"column":34}},"24":{"start":{"line":44,"column":8},"end":{"line":44,"column":20}},"25":{"start":{"line":47,"column":4},"end":{"line":47,"column":36}},"26":{"start":{"line":50,"column":25},"end":{"line":71,"column":1}},"27":{"start":{"line":51,"column":28},"end":{"line":51,"column":40}},"28":{"start":{"line":52,"column":34},"end":{"line":52,"column":48}},"29":{"start":{"line":53,"column":30},"end":{"line":53,"column":44}},"30":{"start":{"line":55,"column":4},"end":{"line":68,"column":11}},"31":{"start":{"line":56,"column":26},"end":{"line":65,"column":9}},"32":{"start":{"line":57,"column":12},"end":{"line":64,"column":13}},"33":{"start":{"line":58,"column":33},"end":{"line":58,"column":64}},"34":{"start":{"line":59,"column":16},"end":{"line":59,"column":39}},"35":{"start":{"line":61,"column":16},"end":{"line":61,"column":38}},"36":{"start":{"line":63,"column":16},"end":{"line":63,"column":34}},"37":{"start":{"line":67,"column":8},"end":{"line":67,"column":20}},"38":{"start":{"line":70,"column":4},"end":{"line":70,"column":36}},"39":{"start":{"line":73,"column":29},"end":{"line":94,"column":1}},"40":{"start":{"line":74,"column":28},"end":{"line":74,"column":40}},"41":{"start":{"line":75,"column":34},"end":{"line":75,"column":48}},"42":{"start":{"line":76,"column":30},"end":{"line":76,"column":44}},"43":{"start":{"line":78,"column":4},"end":{"line":91,"column":11}},"44":{"start":{"line":79,"column":26},"end":{"line":88,"column":9}},"45":{"start":{"line":80,"column":12},"end":{"line":87,"column":13}},"46":{"start":{"line":81,"column":33},"end":{"line":81,"column":68}},"47":{"start":{"line":82,"column":16},"end":{"line":82,"column":39}},"48":{"start":{"line":84,"column":16},"end":{"line":84,"column":38}},"49":{"start":{"line":86,"column":16},"end":{"line":86,"column":34}},"50":{"start":{"line":90,"column":8},"end":{"line":90,"column":20}},"51":{"start":{"line":93,"column":4},"end":{"line":93,"column":36}}},"fnMap":{"0":{"name":"(anonymous_0)","decl":{"start":{"line":4,"column":31},"end":{"line":4,"column":32}},"loc":{"start":{"line":4,"column":37},"end":{"line":25,"column":1}},"line":4},"1":{"name":"(anonymous_1)","decl":{"start":{"line":9,"column":14},"end":{"line":9,"column":15}},"loc":{"start":{"line":9,"column":20},"end":{"line":22,"column":5}},"line":9},"2":{"name":"(anonymous_2)","decl":{"start":{"line":10,"column":26},"end":{"line":10,"column":27}},"loc":{"start":{"line":10,"column":38},"end":{"line":19,"column":9}},"line":10},"3":{"name":"(anonymous_3)","decl":{"start":{"line":27,"column":27},"end":{"line":27,"column":28}},"loc":{"start":{"line":27,"column":33},"end":{"line":48,"column":1}},"line":27},"4":{"name":"(anonymous_4)","decl":{"start":{"line":32,"column":14},"end":{"line":32,"column":15}},"loc":{"start":{"line":32,"column":20},"end":{"line":45,"column":5}},"line":32},"5":{"name":"(anonymous_5)","decl":{"start":{"line":33,"column":26},"end":{"line":33,"column":27}},"loc":{"start":{"line":33,"column":38},"end":{"line":42,"column":9}},"line":33},"6":{"name":"(anonymous_6)","decl":{"start":{"line":50,"column":25},"end":{"line":50,"column":26}},"loc":{"start":{"line":50,"column":31},"end":{"line":71,"column":1}},"line":50},"7":{"name":"(anonymous_7)","decl":{"start":{"line":55,"column":14},"end":{"line":55,"column":15}},"loc":{"start":{"line":55,"column":20},"end":{"line":68,"column":5}},"line":55},"8":{"name":"(anonymous_8)","decl":{"start":{"line":56,"column":26},"end":{"line":56,"column":27}},"loc":{"start":{"line":56,"column":38},"end":{"line":65,"column":9}},"line":56},"9":{"name":"(anonymous_9)","decl":{"start":{"line":73,"column":29},"end":{"line":73,"column":30}},"loc":{"start":{"line":73,"column":35},"end":{"line":94,"column":1}},"line":73},"10":{"name":"(anonymous_10)","decl":{"start":{"line":78,"column":14},"end":{"line":78,"column":15}},"loc":{"start":{"line":78,"column":20},"end":{"line":91,"column":5}},"line":78},"11":{"name":"(anonymous_11)","decl":{"start":{"line":79,"column":26},"end":{"line":79,"column":27}},"loc":{"start":{"line":79,"column":38},"end":{"line":88,"column":9}},"line":79}},"branchMap":{},"s":{"0":0,"1":0,"2":0,"3":0,"4":0,"5":0,"6":0,"7":0,"8":0,"9":0,"10":0,"11":0,"12":0,"13":0,"14":0,"15":0,"16":0,"17":0,"18":0,"19":0,"20":0,"21":0,"22":0,"23":0,"24":0,"25":0,"26":0,"27":0,"28":0,"29":0,"30":0,"31":0,"32":0,"33":0,"34":0,"35":0,"36":0,"37":0,"38":0,"39":0,"40":0,"41":0,"42":0,"43":0,"44":0,"45":0,"46":0,"47":0,"48":0,"49":0,"50":0,"51":0},"f":{"0":0,"1":0,"2":0,"3":0,"4":0,"5":0,"6":0,"7":0,"8":0,"9":0,"10":0,"11":0},"b":{}}
,"/Users/hawkpdx/Development/code/project-dev-resume/src/services/api.js": {"path":"/Users/hawkpdx/Development/code/project-dev-resume/src/services/api.js","statementMap":{"0":{"start":{"line":3,"column":21},"end":{"line":3,"column":80}},"1":{"start":{"line":5,"column":12},"end":{"line":8,"column":2}},"2":{"start":{"line":11,"column":0},"end":{"line":17,"column":2}},"3":{"start":{"line":12,"column":16},"end":{"line":12,"column":22}},"4":{"start":{"line":14,"column":8},"end":{"line":14,"column":47}},"5":{"start":{"line":15,"column":8},"end":{"line":15,"column":37}},"6":{"start":{"line":20,"column":0},"end":{"line":35,"column":2}},"7":{"start":{"line":21,"column":18},"end":{"line":21,"column":26}},"8":{"start":{"line":23,"column":8},"end":{"line":32,"column":9}},"9":{"start":{"line":25,"column":12},"end":{"line":25,"column":61}},"10":{"start":{"line":26,"column":15},"end":{"line":32,"column":9}},"11":{"start":{"line":28,"column":12},"end":{"line":28,"column":59}},"12":{"start":{"line":31,"column":12},"end":{"line":31,"column":51}},"13":{"start":{"line":33,"column":8},"end":{"line":33,"column":37}},"14":{"start":{"line":37,"column":29},"end":{"line":41,"column":1}},"15":{"start":{"line":38,"column":27},"end":{"line":38,"column":54}},"16":{"start":{"line":39,"column":25},"end":{"line":39,"column":54}},"17":{"start":{"line":40,"column":24},"end":{"line":40,"column":52}},"18":{"start":{"line":43,"column":31},"end":{"line":46,"column":1}},"19":{"start":{"line":44,"column":23},"end":{"line":44,"column":44}},"20":{"start":{"line":45,"column":31},"end":{"line":45,"column":60}},"21":{"start":{"line":48,"column":29},"end":{"line":50,"column":1}},"22":{"start":{"line":49,"column":21},"end":{"line":49,"column":40}},"23":{"start":{"line":52,"column":30},"end":{"line":54,"column":1}},"24":{"start":{"line":53,"column":27},"end":{"line":53,"column":53}}},"fnMap":{"0":{"name":"(anonymous_0)","decl":{"start":{"line":12,"column":4},"end":{"line":12,"column":5}},"loc":{"start":{"line":12,"column":16},"end":{"line":12,"column":22}},"line":12},"1":{"name":"(anonymous_1)","decl":{"start":{"line":13,"column":4},"end":{"line":13,"column":5}},"loc":{"start":{"line":13,"column":15},"end":{"line":16,"column":5}},"line":13},"2":{"name":"(anonymous_2)","decl":{"start":{"line":21,"column":4},"end":{"line":21,"column":5}},"loc":{"start":{"line":21,"column":18},"end":{"line":21,"column":26}},"line":21},"3":{"name":"(anonymous_3)","decl":{"start":{"line":22,"column":4},"end":{"line":22,"column":5}},"loc":{"start":{"line":22,"column":15},"end":{"line":34,"column":5}},"line":22},"4":{"name":"(anonymous_4)","decl":{"start":{"line":38,"column":21},"end":{"line":38,"column":22}},"loc":{"start":{"line":38,"column":27},"end":{"line":38,"column":54}},"line":38},"5":{"name":"(anonymous_5)","decl":{"start":{"line":39,"column":19},"end":{"line":39,"column":20}},"loc":{"start":{"line":39,"column":25},"end":{"line":39,"column":54}},"line":39},"6":{"name":"(anonymous_6)","decl":{"start":{"line":40,"column":18},"end":{"line":40,"column":19}},"loc":{"start":{"line":40,"column":24},"end":{"line":40,"column":52}},"line":40},"7":{"name":"(anonymous_7)","decl":{"start":{"line":44,"column":17},"end":{"line":44,"column":18}},"loc":{"start":{"line":44,"column":23},"end":{"line":44,"column":44}},"line":44},"8":{"name":"(anonymous_8)","decl":{"start":{"line":45,"column":25},"end":{"line":45,"column":26}},"loc":{"start":{"line":45,"column":31},"end":{"line":45,"column":60}},"line":45},"9":{"name":"(anonymous_9)","decl":{"start":{"line":49,"column":15},"end":{"line":49,"column":16}},"loc":{"start":{"line":49,"column":21},"end":{"line":49,"column":40}},"line":49},"10":{"name":"(anonymous_10)","decl":{"start":{"line":53,"column":17},"end":{"line":53,"column":18}},"loc":{"start":{"line":53,"column":27},"end":{"line":53,"column":53}},"line":53}},"branchMap":{"0":{"loc":{"start":{"line":3,"column":21},"end":{"line":3,"column":80}},"type":"binary-expr","locations":[{"start":{"line":3,"column":21},"end":{"line":3,"column":49}},{"start":{"line":3,"column":53},"end":{"line":3,"column":80}}],"line":3},"1":{"loc":{"start":{"line":23,"column":8},"end":{"line":32,"column":9}},"type":"if","locations":[{"start":{"line":23,"column":8},"end":{"line":32,"column":9}},{"start":{"line":26,"column":15},"end":{"line":32,"column":9}}],"line":23},"2":{"loc":{"start":{"line":26,"column":15},"end":{"line":32,"column":9}},"type":"if","locations":[{"start":{"line":26,"column":15},"end":{"line":32,"column":9}},{"start":{"line":29,"column":15},"end":{"line":32,"column":9}}],"line":26}},"s":{"0":0,"1":0,"2":0,"3":0,"4":0,"5":0,"6":0,"7":0,"8":0,"9":0,"10":0,"11":0,"12":0,"13":0,"14":0,"15":0,"16":0,"17":0,"18":0,"19":0,"20":0,"21":0,"22":0,"23":0,"24":0},"f":{"0":0,"1":0,"2":0,"3":0,"4":0,"5":0,"6":0,"7":0,"8":0,"9":0,"10":0},"b":{"0":[0,0],"1":[0,0],"2":[0,0]}}
,"/Users/hawkpdx/Development/code/project-dev-resume/src/utils/analytics.js": {"path":"/Users/hawkpdx/Development/code/project-dev-resume/src/utils/analytics.js","statementMap":{"0":{"start":{"line":4,"column":29},"end":{"line":19,"column":1}},"1":{"start":{"line":6,"column":4},"end":{"line":6,"column":38}},"2":{"start":{"line":9,"column":4},"end":{"line":13,"column":5}},"3":{"start":{"line":10,"column":8},"end":{"line":12,"column":11}},"4":{"start":{"line":16,"column":4},"end":{"line":18,"column":5}},"5":{"start":{"line":17,"column":8},"end":{"line":17,"column":37}},"6":{"start":{"line":21,"column":26},"end":{"line":44,"column":1}},"7":{"start":{"line":23,"column":4},"end":{"line":23,"column":68}},"8":{"start":{"line":26,"column":4},"end":{"line":32,"column":5}},"9":{"start":{"line":27,"column":8},"end":{"line":31,"column":11}},"10":{"start":{"line":35,"column":4},"end":{"line":43,"column":5}},"11":{"start":{"line":36,"column":8},"end":{"line":42,"column":11}},"12":{"start":{"line":46,"column":42},"end":{"line":48,"column":1}},"13":{"start":{"line":47,"column":4},"end":{"line":47,"column":78}},"14":{"start":{"line":50,"column":32},"end":{"line":52,"column":1}},"15":{"start":{"line":51,"column":4},"end":{"line":51,"column":57}},"16":{"start":{"line":54,"column":35},"end":{"line":56,"column":1}},"17":{"start":{"line":55,"column":4},"end":{"line":55,"column":37}},"18":{"start":{"line":59,"column":29},"end":{"line":67,"column":1}},"19":{"start":{"line":60,"column":4},"end":{"line":66,"column":5}},"20":{"start":{"line":62,"column":8},"end":{"line":62,"column":45}},"21":{"start":{"line":65,"column":8},"end":{"line":65,"column":48}}},"fnMap":{"0":{"name":"(anonymous_0)","decl":{"start":{"line":4,"column":29},"end":{"line":4,"column":30}},"loc":{"start":{"line":4,"column":39},"end":{"line":19,"column":1}},"line":4},"1":{"name":"(anonymous_1)","decl":{"start":{"line":21,"column":26},"end":{"line":21,"column":27}},"loc":{"start":{"line":21,"column":74},"end":{"line":44,"column":1}},"line":21},"2":{"name":"(anonymous_2)","decl":{"start":{"line":46,"column":42},"end":{"line":46,"column":43}},"loc":{"start":{"line":46,"column":62},"end":{"line":48,"column":1}},"line":46},"3":{"name":"(anonymous_3)","decl":{"start":{"line":50,"column":32},"end":{"line":50,"column":33}},"loc":{"start":{"line":50,"column":50},"end":{"line":52,"column":1}},"line":50},"4":{"name":"(anonymous_4)","decl":{"start":{"line":54,"column":35},"end":{"line":54,"column":36}},"loc":{"start":{"line":54,"column":41},"end":{"line":56,"column":1}},"line":54},"5":{"name":"(anonymous_5)","decl":{"start":{"line":59,"column":29},"end":{"line":59,"column":30}},"loc":{"start":{"line":59,"column":35},"end":{"line":67,"column":1}},"line":59}},"branchMap":{"0":{"loc":{"start":{"line":9,"column":4},"end":{"line":13,"column":5}},"type":"if","locations":[{"start":{"line":9,"column":4},"end":{"line":13,"column":5}},{"start":{},"end":{}}],"line":9},"1":{"loc":{"start":{"line":9,"column":8},"end":{"line":9,"column":52}},"type":"binary-expr","locations":[{"start":{"line":9,"column":8},"end":{"line":9,"column":37}},{"start":{"line":9,"column":41},"end":{"line":9,"column":52}}],"line":9},"2":{"loc":{"start":{"line":16,"column":4},"end":{"line":18,"column":5}},"type":"if","locations":[{"start":{"line":16,"column":4},"end":{"line":18,"column":5}},{"start":{},"end":{}}],"line":16},"3":{"loc":{"start":{"line":16,"column":8},"end":{"line":16,"column":57}},"type":"binary-expr","locations":[{"start":{"line":16,"column":8},"end":{"line":16,"column":37}},{"start":{"line":16,"column":41},"end":{"line":16,"column":57}}],"line":16},"4":{"loc":{"start":{"line":21,"column":45},"end":{"line":21,"column":55}},"type":"default-arg","locations":[{"start":{"line":21,"column":53},"end":{"line":21,"column":55}}],"line":21},"5":{"loc":{"start":{"line":21,"column":57},"end":{"line":21,"column":69}},"type":"default-arg","locations":[{"start":{"line":21,"column":65},"end":{"line":21,"column":69}}],"line":21},"6":{"loc":{"start":{"line":26,"column":4},"end":{"line":32,"column":5}},"type":"if","locations":[{"start":{"line":26,"column":4},"end":{"line":32,"column":5}},{"start":{},"end":{}}],"line":26},"7":{"loc":{"start":{"line":26,"column":8},"end":{"line":26,"column":52}},"type":"binary-expr","locations":[{"start":{"line":26,"column":8},"end":{"line":26,"column":37}},{"start":{"line":26,"column":41},"end":{"line":26,"column":52}}],"line":26},"8":{"loc":{"start":{"line":35,"column":4},"end":{"line":43,"column":5}},"type":"if","locations":[{"start":{"line":35,"column":4},"end":{"line":43,"column":5}},{"start":{},"end":{}}],"line":35},"9":{"loc":{"start":{"line":35,"column":8},"end":{"line":35,"column":57}},"type":"binary-expr","locations":[{"start":{"line":35,"column":8},"end":{"line":35,"column":37}},{"start":{"line":35,"column":41},"end":{"line":35,"column":57}}],"line":35},"10":{"loc":{"start":{"line":46,"column":43},"end":{"line":46,"column":57}},"type":"default-arg","locations":[{"start":{"line":46,"column":53},"end":{"line":46,"column":57}}],"line":46},"11":{"loc":{"start":{"line":47,"column":45},"end":{"line":47,"column":76}},"type":"cond-expr","locations":[{"start":{"line":47,"column":55},"end":{"line":47,"column":64}},{"start":{"line":47,"column":67},"end":{"line":47,"column":76}}],"line":47},"12":{"loc":{"start":{"line":60,"column":4},"end":{"line":66,"column":5}},"type":"if","locations":[{"start":{"line":60,"column":4},"end":{"line":66,"column":5}},{"start":{},"end":{}}],"line":60}},"s":{"0":0,"1":0,"2":0,"3":0,"4":0,"5":0,"6":0,"7":0,"8":0,"9":0,"10":0,"11":0,"12":0,"13":0,"14":0,"15":0,"16":0,"17":0,"18":0,"19":0,"20":0,"21":0},"f":{"0":0,"1":0,"2":0,"3":0,"4":0,"5":0},"b":{"0":[0,0],"1":[0,0],"2":[0,0],"3":[0,0],"4":[0],"5":[0],"6":[0,0],"7":[0,0],"8":[0,0],"9":[0,0],"10":[0],"11":[0,0],"12":[0,0]}}
,"/Users/hawkpdx/Development/code/project-dev-resume/src/utils/validation.js": {"path":"/Users/hawkpdx/Development/code/project-dev-resume/src/utils/validation.js","statementMap":{"0":{"start":{"line":1,"column":29},"end":{"line":4,"column":1}},"1":{"start":{"line":2,"column":15},"end":{"line":2,"column":43}},"2":{"start":{"line":3,"column":4},"end":{"line":3,"column":26}},"3":{"start":{"line":6,"column":29},"end":{"line":9,"column":1}},"4":{"start":{"line":7,"column":15},"end":{"line":7,"column":32}},"5":{"start":{"line":8,"column":4},"end":{"line":8,"column":26}},"6":{"start":{"line":11,"column":28},"end":{"line":30,"column":1}},"7":{"start":{"line":12,"column":19},"end":{"line":12,"column":21}},"8":{"start":{"line":14,"column":4},"end":{"line":16,"column":5}},"9":{"start":{"line":15,"column":8},"end":{"line":15,"column":59}},"10":{"start":{"line":18,"column":4},"end":{"line":20,"column":5}},"11":{"start":{"line":19,"column":8},"end":{"line":19,"column":60}},"12":{"start":{"line":22,"column":4},"end":{"line":24,"column":5}},"13":{"start":{"line":23,"column":8},"end":{"line":23,"column":66}},"14":{"start":{"line":26,"column":4},"end":{"line":29,"column":6}}},"fnMap":{"0":{"name":"(anonymous_0)","decl":{"start":{"line":1,"column":29},"end":{"line":1,"column":30}},"loc":{"start":{"line":1,"column":40},"end":{"line":4,"column":1}},"line":1},"1":{"name":"(anonymous_1)","decl":{"start":{"line":6,"column":29},"end":{"line":6,"column":30}},"loc":{"start":{"line":6,"column":40},"end":{"line":9,"column":1}},"line":6},"2":{"name":"(anonymous_2)","decl":{"start":{"line":11,"column":28},"end":{"line":11,"column":29}},"loc":{"start":{"line":11,"column":42},"end":{"line":30,"column":1}},"line":11}},"branchMap":{"0":{"loc":{"start":{"line":14,"column":4},"end":{"line":16,"column":5}},"type":"if","locations":[{"start":{"line":14,"column":4},"end":{"line":16,"column":5}},{"start":{},"end":{}}],"line":14},"1":{"loc":{"start":{"line":14,"column":8},"end":{"line":14,"column":57}},"type":"binary-expr","locations":[{"start":{"line":14,"column":8},"end":{"line":14,"column":22}},{"start":{"line":14,"column":26},"end":{"line":14,"column":57}}],"line":14},"2":{"loc":{"start":{"line":18,"column":4},"end":{"line":20,"column":5}},"type":"if","locations":[{"start":{"line":18,"column":4},"end":{"line":20,"column":5}},{"start":{},"end":{}}],"line":18},"3":{"loc":{"start":{"line":22,"column":4},"end":{"line":24,"column":5}},"type":"if","locations":[{"start":{"line":22,"column":4},"end":{"line":24,"column":5}},{"start":{},"end":{}}],"line":22},"4":{"loc":{"start":{"line":22,"column":8},"end":{"line":22,"column":64}},"type":"binary-expr","locations":[{"start":{"line":22,"column":8},"end":{"line":22,"column":25}},{"start":{"line":22,"column":29},"end":{"line":22,"column":64}}],"line":22}},"s":{"0":1,"1":11,"2":11,"3":1,"4":6,"5":6,"6":1,"7":4,"8":4,"9":1,"10":4,"11":1,"12":4,"13":1,"14":4},"f":{"0":11,"1":6,"2":4},"b":{"0":[1,3],"1":[4,3],"2":[1,3],"3":[1,3],"4":[4,4]},"_coverageSchema":"1a1c01bbd47fc00a2c39e90264f33305004495a9","hash":"70f8052958be21e1e9cead2d3c263994640b6be3"}
}
