{"/Users/hawkpdx/Development/code/project-dev-resume/src/components/About.jsx": {"path":"/Users/hawkpdx/Development/code/project-dev-resume/src/components/About.jsx","statementMap":{"0":{"start":{"line":4,"column":14},"end":{"line":56,"column":1}},"1":{"start":{"line":5,"column":42},"end":{"line":5,"column":59}},"2":{"start":{"line":7,"column":2},"end":{"line":7,"column":74}},"3":{"start":{"line":7,"column":15},"end":{"line":7,"column":74}},"4":{"start":{"line":9,"column":2},"end":{"line":55,"column":4}}},"fnMap":{"0":{"name":"(anonymous_0)","decl":{"start":{"line":4,"column":14},"end":{"line":4,"column":15}},"loc":{"start":{"line":4,"column":20},"end":{"line":56,"column":1}},"line":4}},"branchMap":{"0":{"loc":{"start":{"line":7,"column":2},"end":{"line":7,"column":74}},"type":"if","locations":[{"start":{"line":7,"column":2},"end":{"line":7,"column":74}},{"start":{},"end":{}}],"line":7},"1":{"loc":{"start":{"line":18,"column":13},"end":{"line":18,"column":217}},"type":"binary-expr","locations":[{"start":{"line":18,"column":13},"end":{"line":18,"column":34}},{"start":{"line":18,"column":38},"end":{"line":18,"column":217}}],"line":18},"2":{"loc":{"start":{"line":25,"column":44},"end":{"line":25,"column":87}},"type":"binary-expr","locations":[{"start":{"line":25,"column":44},"end":{"line":25,"column":63}},{"start":{"line":25,"column":67},"end":{"line":25,"column":87}}],"line":25},"3":{"loc":{"start":{"line":26,"column":47},"end":{"line":26,"column":91}},"type":"binary-expr","locations":[{"start":{"line":26,"column":47},"end":{"line":26,"column":69}},{"start":{"line":26,"column":73},"end":{"line":26,"column":91}}],"line":26},"4":{"loc":{"start":{"line":27,"column":44},"end":{"line":27,"column":86}},"type":"binary-expr","locations":[{"start":{"line":27,"column":44},"end":{"line":27,"column":63}},{"start":{"line":27,"column":67},"end":{"line":27,"column":86}}],"line":27},"5":{"loc":{"start":{"line":34,"column":17},"end":{"line":38,"column":17}},"type":"binary-expr","locations":[{"start":{"line":34,"column":17},"end":{"line":34,"column":37}},{"start":{"line":35,"column":18},"end":{"line":37,"column":22}}],"line":34},"6":{"loc":{"start":{"line":39,"column":17},"end":{"line":43,"column":17}},"type":"binary-expr","locations":[{"start":{"line":39,"column":17},"end":{"line":39,"column":39}},{"start":{"line":40,"column":18},"end":{"line":42,"column":22}}],"line":39},"7":{"loc":{"start":{"line":44,"column":17},"end":{"line":48,"column":17}},"type":"binary-expr","locations":[{"start":{"line":44,"column":17},"end":{"line":44,"column":38}},{"start":{"line":45,"column":18},"end":{"line":47,"column":22}}],"line":44}},"s":{"0":0,"1":0,"2":0,"3":0,"4":0},"f":{"0":0},"b":{"0":[0,0],"1":[0,0],"2":[0,0],"3":[0,0],"4":[0,0],"5":[0,0],"6":[0,0],"7":[0,0]}}
,"/Users/hawkpdx/Development/code/project-dev-resume/src/components/AddProject.jsx": {"path":"/Users/hawkpdx/Development/code/project-dev-resume/src/components/AddProject.jsx","statementMap":{"0":{"start":{"line":4,"column":19},"end":{"line":308,"column":1}},"1":{"start":{"line":5,"column":34},"end":{"line":14,"column":4}},"2":{"start":{"line":15,"column":32},"end":{"line":15,"column":47}},"3":{"start":{"line":16,"column":32},"end":{"line":16,"column":44}},"4":{"start":{"line":18,"column":2},"end":{"line":43,"column":20}},"5":{"start":{"line":19,"column":4},"end":{"line":42,"column":5}},"6":{"start":{"line":20,"column":6},"end":{"line":29,"column":9}},"7":{"start":{"line":32,"column":6},"end":{"line":41,"column":9}},"8":{"start":{"line":45,"column":23},"end":{"line":51,"column":3}},"9":{"start":{"line":46,"column":43},"end":{"line":46,"column":51}},"10":{"start":{"line":47,"column":4},"end":{"line":50,"column":8}},"11":{"start":{"line":47,"column":25},"end":{"line":50,"column":5}},"12":{"start":{"line":53,"column":23},"end":{"line":89,"column":3}},"13":{"start":{"line":54,"column":4},"end":{"line":54,"column":23}},"14":{"start":{"line":55,"column":4},"end":{"line":55,"column":21}},"15":{"start":{"line":56,"column":4},"end":{"line":56,"column":19}},"16":{"start":{"line":58,"column":4},"end":{"line":88,"column":5}},"17":{"start":{"line":60,"column":6},"end":{"line":78,"column":7}},"18":{"start":{"line":62,"column":8},"end":{"line":62,"column":79}},"19":{"start":{"line":63,"column":8},"end":{"line":63,"column":52}},"20":{"start":{"line":66,"column":8},"end":{"line":66,"column":62}},"21":{"start":{"line":67,"column":8},"end":{"line":67,"column":50}},"22":{"start":{"line":68,"column":8},"end":{"line":77,"column":11}},"23":{"start":{"line":80,"column":6},"end":{"line":82,"column":7}},"24":{"start":{"line":81,"column":8},"end":{"line":81,"column":38}},"25":{"start":{"line":84,"column":21},"end":{"line":84,"column":56}},"26":{"start":{"line":85,"column":6},"end":{"line":85,"column":95}},"27":{"start":{"line":87,"column":6},"end":{"line":87,"column":24}},"28":{"start":{"line":91,"column":2},"end":{"line":307,"column":4}}},"fnMap":{"0":{"name":"(anonymous_0)","decl":{"start":{"line":4,"column":19},"end":{"line":4,"column":20}},"loc":{"start":{"line":4,"column":70},"end":{"line":308,"column":1}},"line":4},"1":{"name":"(anonymous_1)","decl":{"start":{"line":18,"column":12},"end":{"line":18,"column":13}},"loc":{"start":{"line":18,"column":18},"end":{"line":43,"column":3}},"line":18},"2":{"name":"(anonymous_2)","decl":{"start":{"line":45,"column":23},"end":{"line":45,"column":24}},"loc":{"start":{"line":45,"column":30},"end":{"line":51,"column":3}},"line":45},"3":{"name":"(anonymous_3)","decl":{"start":{"line":47,"column":16},"end":{"line":47,"column":17}},"loc":{"start":{"line":47,"column":25},"end":{"line":50,"column":5}},"line":47},"4":{"name":"(anonymous_4)","decl":{"start":{"line":53,"column":23},"end":{"line":53,"column":24}},"loc":{"start":{"line":53,"column":36},"end":{"line":89,"column":3}},"line":53}},"branchMap":{"0":{"loc":{"start":{"line":19,"column":4},"end":{"line":42,"column":5}},"type":"if","locations":[{"start":{"line":19,"column":4},"end":{"line":42,"column":5}},{"start":{"line":30,"column":11},"end":{"line":42,"column":5}}],"line":19},"1":{"loc":{"start":{"line":21,"column":15},"end":{"line":21,"column":38}},"type":"binary-expr","locations":[{"start":{"line":21,"column":15},"end":{"line":21,"column":32}},{"start":{"line":21,"column":36},"end":{"line":21,"column":38}}],"line":21},"2":{"loc":{"start":{"line":22,"column":21},"end":{"line":22,"column":50}},"type":"binary-expr","locations":[{"start":{"line":22,"column":21},"end":{"line":22,"column":44}},{"start":{"line":22,"column":48},"end":{"line":22,"column":50}}],"line":22},"3":{"loc":{"start":{"line":23,"column":22},"end":{"line":23,"column":52}},"type":"binary-expr","locations":[{"start":{"line":23,"column":22},"end":{"line":23,"column":46}},{"start":{"line":23,"column":50},"end":{"line":23,"column":52}}],"line":23},"4":{"loc":{"start":{"line":24,"column":20},"end":{"line":24,"column":48}},"type":"binary-expr","locations":[{"start":{"line":24,"column":20},"end":{"line":24,"column":42}},{"start":{"line":24,"column":46},"end":{"line":24,"column":48}}],"line":24},"5":{"loc":{"start":{"line":25,"column":18},"end":{"line":25,"column":44}},"type":"binary-expr","locations":[{"start":{"line":25,"column":18},"end":{"line":25,"column":38}},{"start":{"line":25,"column":42},"end":{"line":25,"column":44}}],"line":25},"6":{"loc":{"start":{"line":26,"column":19},"end":{"line":26,"column":46}},"type":"binary-expr","locations":[{"start":{"line":26,"column":19},"end":{"line":26,"column":40}},{"start":{"line":26,"column":44},"end":{"line":26,"column":46}}],"line":26},"7":{"loc":{"start":{"line":27,"column":18},"end":{"line":27,"column":47}},"type":"binary-expr","locations":[{"start":{"line":27,"column":18},"end":{"line":27,"column":38}},{"start":{"line":27,"column":42},"end":{"line":27,"column":47}}],"line":27},"8":{"loc":{"start":{"line":28,"column":15},"end":{"line":28,"column":37}},"type":"binary-expr","locations":[{"start":{"line":28,"column":15},"end":{"line":28,"column":32}},{"start":{"line":28,"column":36},"end":{"line":28,"column":37}}],"line":28},"9":{"loc":{"start":{"line":49,"column":14},"end":{"line":49,"column":51}},"type":"cond-expr","locations":[{"start":{"line":49,"column":36},"end":{"line":49,"column":43}},{"start":{"line":49,"column":46},"end":{"line":49,"column":51}}],"line":49},"10":{"loc":{"start":{"line":60,"column":6},"end":{"line":78,"column":7}},"type":"if","locations":[{"start":{"line":60,"column":6},"end":{"line":78,"column":7}},{"start":{"line":64,"column":13},"end":{"line":78,"column":7}}],"line":60},"11":{"loc":{"start":{"line":80,"column":6},"end":{"line":82,"column":7}},"type":"if","locations":[{"start":{"line":80,"column":6},"end":{"line":82,"column":7}},{"start":{},"end":{}}],"line":80},"12":{"loc":{"start":{"line":84,"column":21},"end":{"line":84,"column":56}},"type":"cond-expr","locations":[{"start":{"line":84,"column":35},"end":{"line":84,"column":45}},{"start":{"line":84,"column":48},"end":{"line":84,"column":56}}],"line":84},"13":{"loc":{"start":{"line":85,"column":48},"end":{"line":85,"column":92}},"type":"binary-expr","locations":[{"start":{"line":85,"column":48},"end":{"line":85,"column":75}},{"start":{"line":85,"column":79},"end":{"line":85,"column":92}}],"line":85},"14":{"loc":{"start":{"line":95,"column":11},"end":{"line":95,"column":59}},"type":"cond-expr","locations":[{"start":{"line":95,"column":25},"end":{"line":95,"column":39}},{"start":{"line":95,"column":42},"end":{"line":95,"column":59}}],"line":95},"15":{"loc":{"start":{"line":98,"column":9},"end":{"line":108,"column":9}},"type":"binary-expr","locations":[{"start":{"line":98,"column":9},"end":{"line":98,"column":16}},{"start":{"line":99,"column":10},"end":{"line":107,"column":16}}],"line":98},"16":{"loc":{"start":{"line":102,"column":29},"end":{"line":102,"column":78}},"type":"cond-expr","locations":[{"start":{"line":102,"column":57},"end":{"line":102,"column":66}},{"start":{"line":102,"column":69},"end":{"line":102,"column":78}}],"line":102},"17":{"loc":{"start":{"line":103,"column":19},"end":{"line":103,"column":68}},"type":"cond-expr","locations":[{"start":{"line":103,"column":47},"end":{"line":103,"column":56}},{"start":{"line":103,"column":59},"end":{"line":103,"column":68}}],"line":103},"18":{"loc":{"start":{"line":261,"column":13},"end":{"line":280,"column":13}},"type":"binary-expr","locations":[{"start":{"line":261,"column":13},"end":{"line":261,"column":24}},{"start":{"line":262,"column":14},"end":{"line":279,"column":23}}],"line":261},"19":{"loc":{"start":{"line":275,"column":26},"end":{"line":275,"column":61}},"type":"cond-expr","locations":[{"start":{"line":275,"column":36},"end":{"line":275,"column":49}},{"start":{"line":275,"column":52},"end":{"line":275,"column":61}}],"line":275},"20":{"loc":{"start":{"line":286,"column":22},"end":{"line":286,"column":46}},"type":"cond-expr","locations":[{"start":{"line":286,"column":36},"end":{"line":286,"column":37}},{"start":{"line":286,"column":40},"end":{"line":286,"column":46}}],"line":286},"21":{"loc":{"start":{"line":287,"column":23},"end":{"line":287,"column":52}},"type":"cond-expr","locations":[{"start":{"line":287,"column":37},"end":{"line":287,"column":43}},{"start":{"line":287,"column":46},"end":{"line":287,"column":52}}],"line":287},"22":{"loc":{"start":{"line":289,"column":33},"end":{"line":289,"column":77}},"type":"cond-expr","locations":[{"start":{"line":289,"column":43},"end":{"line":289,"column":52}},{"start":{"line":289,"column":55},"end":{"line":289,"column":77}}],"line":289},"23":{"loc":{"start":{"line":295,"column":24},"end":{"line":295,"column":59}},"type":"cond-expr","locations":[{"start":{"line":295,"column":34},"end":{"line":295,"column":47}},{"start":{"line":295,"column":50},"end":{"line":295,"column":59}}],"line":295},"24":{"loc":{"start":{"line":298,"column":15},"end":{"line":300,"column":66}},"type":"cond-expr","locations":[{"start":{"line":299,"column":19},"end":{"line":299,"column":76}},{"start":{"line":300,"column":19},"end":{"line":300,"column":65}}],"line":298},"25":{"loc":{"start":{"line":299,"column":19},"end":{"line":299,"column":76}},"type":"cond-expr","locations":[{"start":{"line":299,"column":33},"end":{"line":299,"column":54}},{"start":{"line":299,"column":57},"end":{"line":299,"column":76}}],"line":299},"26":{"loc":{"start":{"line":300,"column":19},"end":{"line":300,"column":65}},"type":"cond-expr","locations":[{"start":{"line":300,"column":33},"end":{"line":300,"column":49}},{"start":{"line":300,"column":52},"end":{"line":300,"column":65}}],"line":300}},"s":{"0":0,"1":0,"2":0,"3":0,"4":0,"5":0,"6":0,"7":0,"8":0,"9":0,"10":0,"11":0,"12":0,"13":0,"14":0,"15":0,"16":0,"17":0,"18":0,"19":0,"20":0,"21":0,"22":0,"23":0,"24":0,"25":0,"26":0,"27":0,"28":0},"f":{"0":0,"1":0,"2":0,"3":0,"4":0},"b":{"0":[0,0],"1":[0,0],"2":[0,0],"3":[0,0],"4":[0,0],"5":[0,0],"6":[0,0],"7":[0,0],"8":[0,0],"9":[0,0],"10":[0,0],"11":[0,0],"12":[0,0],"13":[0,0],"14":[0,0],"15":[0,0],"16":[0,0],"17":[0,0],"18":[0,0],"19":[0,0],"20":[0,0],"21":[0,0],"22":[0,0],"23":[0,0],"24":[0,0],"25":[0,0],"26":[0,0]}}
,"/Users/hawkpdx/Development/code/project-dev-resume/src/components/ConfirmationModal.jsx": {"path":"/Users/hawkpdx/Development/code/project-dev-resume/src/components/ConfirmationModal.jsx","statementMap":{"0":{"start":{"line":3,"column":26},"end":{"line":92,"column":1}},"1":{"start":{"line":13,"column":2},"end":{"line":13,"column":27}},"2":{"start":{"line":13,"column":15},"end":{"line":13,"column":27}},"3":{"start":{"line":15,"column":2},"end":{"line":91,"column":4}}},"fnMap":{"0":{"name":"(anonymous_0)","decl":{"start":{"line":3,"column":26},"end":{"line":3,"column":27}},"loc":{"start":{"line":12,"column":6},"end":{"line":92,"column":1}},"line":12}},"branchMap":{"0":{"loc":{"start":{"line":9,"column":2},"end":{"line":9,"column":24}},"type":"default-arg","locations":[{"start":{"line":9,"column":16},"end":{"line":9,"column":24}}],"line":9},"1":{"loc":{"start":{"line":10,"column":2},"end":{"line":10,"column":23}},"type":"default-arg","locations":[{"start":{"line":10,"column":15},"end":{"line":10,"column":23}}],"line":10},"2":{"loc":{"start":{"line":11,"column":2},"end":{"line":11,"column":17}},"type":"default-arg","locations":[{"start":{"line":11,"column":13},"end":{"line":11,"column":17}}],"line":11},"3":{"loc":{"start":{"line":13,"column":2},"end":{"line":13,"column":27}},"type":"if","locations":[{"start":{"line":13,"column":2},"end":{"line":13,"column":27}},{"start":{},"end":{}}],"line":13},"4":{"loc":{"start":{"line":78,"column":31},"end":{"line":78,"column":76}},"type":"cond-expr","locations":[{"start":{"line":78,"column":42},"end":{"line":78,"column":51}},{"start":{"line":78,"column":54},"end":{"line":78,"column":76}}],"line":78}},"s":{"0":0,"1":0,"2":0,"3":0},"f":{"0":0},"b":{"0":[0],"1":[0],"2":[0],"3":[0,0],"4":[0,0]}}
,"/Users/hawkpdx/Development/code/project-dev-resume/src/components/Contact.jsx": {"path":"/Users/hawkpdx/Development/code/project-dev-resume/src/components/Contact.jsx","statementMap":{"0":{"start":{"line":7,"column":16},"end":{"line":147,"column":1}},"1":{"start":{"line":8,"column":33},"end":{"line":8,"column":50}},"2":{"start":{"line":9,"column":34},"end":{"line":13,"column":4}},"3":{"start":{"line":14,"column":30},"end":{"line":14,"column":42}},"4":{"start":{"line":15,"column":42},"end":{"line":15,"column":57}},"5":{"start":{"line":17,"column":23},"end":{"line":47,"column":3}},"6":{"start":{"line":18,"column":4},"end":{"line":18,"column":23}},"7":{"start":{"line":20,"column":23},"end":{"line":20,"column":45}},"8":{"start":{"line":21,"column":4},"end":{"line":24,"column":5}},"9":{"start":{"line":22,"column":6},"end":{"line":22,"column":35}},"10":{"start":{"line":23,"column":6},"end":{"line":23,"column":13}},"11":{"start":{"line":26,"column":4},"end":{"line":26,"column":26}},"12":{"start":{"line":27,"column":4},"end":{"line":27,"column":18}},"13":{"start":{"line":29,"column":4},"end":{"line":46,"column":5}},"14":{"start":{"line":30,"column":23},"end":{"line":30,"column":65}},"15":{"start":{"line":32,"column":6},"end":{"line":40,"column":7}},"16":{"start":{"line":34,"column":8},"end":{"line":34,"column":58}},"17":{"start":{"line":35,"column":8},"end":{"line":35,"column":41}},"18":{"start":{"line":36,"column":8},"end":{"line":36,"column":99}},"19":{"start":{"line":38,"column":8},"end":{"line":38,"column":42}},"20":{"start":{"line":39,"column":8},"end":{"line":39,"column":82}},"21":{"start":{"line":42,"column":6},"end":{"line":42,"column":40}},"22":{"start":{"line":43,"column":6},"end":{"line":43,"column":88}},"23":{"start":{"line":45,"column":6},"end":{"line":45,"column":29}},"24":{"start":{"line":49,"column":23},"end":{"line":54,"column":3}},"25":{"start":{"line":50,"column":4},"end":{"line":53,"column":7}},"26":{"start":{"line":56,"column":2},"end":{"line":146,"column":4}}},"fnMap":{"0":{"name":"(anonymous_0)","decl":{"start":{"line":7,"column":16},"end":{"line":7,"column":17}},"loc":{"start":{"line":7,"column":22},"end":{"line":147,"column":1}},"line":7},"1":{"name":"(anonymous_1)","decl":{"start":{"line":17,"column":23},"end":{"line":17,"column":24}},"loc":{"start":{"line":17,"column":36},"end":{"line":47,"column":3}},"line":17},"2":{"name":"(anonymous_2)","decl":{"start":{"line":49,"column":23},"end":{"line":49,"column":24}},"loc":{"start":{"line":49,"column":30},"end":{"line":54,"column":3}},"line":49}},"branchMap":{"0":{"loc":{"start":{"line":21,"column":4},"end":{"line":24,"column":5}},"type":"if","locations":[{"start":{"line":21,"column":4},"end":{"line":24,"column":5}},{"start":{},"end":{}}],"line":21},"1":{"loc":{"start":{"line":32,"column":6},"end":{"line":40,"column":7}},"type":"if","locations":[{"start":{"line":32,"column":6},"end":{"line":40,"column":7}},{"start":{"line":37,"column":13},"end":{"line":40,"column":7}}],"line":32},"2":{"loc":{"start":{"line":36,"column":14},"end":{"line":36,"column":97}},"type":"binary-expr","locations":[{"start":{"line":36,"column":14},"end":{"line":36,"column":35}},{"start":{"line":36,"column":39},"end":{"line":36,"column":97}}],"line":36},"3":{"loc":{"start":{"line":39,"column":14},"end":{"line":39,"column":80}},"type":"binary-expr","locations":[{"start":{"line":39,"column":14},"end":{"line":39,"column":33}},{"start":{"line":39,"column":37},"end":{"line":39,"column":80}}],"line":39},"4":{"loc":{"start":{"line":43,"column":12},"end":{"line":43,"column":86}},"type":"binary-expr","locations":[{"start":{"line":43,"column":12},"end":{"line":43,"column":39}},{"start":{"line":43,"column":43},"end":{"line":43,"column":86}}],"line":43},"5":{"loc":{"start":{"line":81,"column":15},"end":{"line":81,"column":134}},"type":"binary-expr","locations":[{"start":{"line":81,"column":15},"end":{"line":81,"column":26}},{"start":{"line":81,"column":30},"end":{"line":81,"column":134}}],"line":81},"6":{"loc":{"start":{"line":97,"column":15},"end":{"line":97,"column":136}},"type":"binary-expr","locations":[{"start":{"line":97,"column":15},"end":{"line":97,"column":27}},{"start":{"line":97,"column":31},"end":{"line":97,"column":136}}],"line":97},"7":{"loc":{"start":{"line":113,"column":15},"end":{"line":113,"column":140}},"type":"binary-expr","locations":[{"start":{"line":113,"column":15},"end":{"line":113,"column":29}},{"start":{"line":113,"column":33},"end":{"line":113,"column":140}}],"line":113},"8":{"loc":{"start":{"line":120,"column":318},"end":{"line":120,"column":358}},"type":"cond-expr","locations":[{"start":{"line":120,"column":333},"end":{"line":120,"column":346}},{"start":{"line":120,"column":349},"end":{"line":120,"column":358}}],"line":120},"9":{"loc":{"start":{"line":120,"column":369},"end":{"line":120,"column":391}},"type":"cond-expr","locations":[{"start":{"line":120,"column":384},"end":{"line":120,"column":387}},{"start":{"line":120,"column":390},"end":{"line":120,"column":391}}],"line":120},"10":{"loc":{"start":{"line":122,"column":17},"end":{"line":122,"column":61}},"type":"cond-expr","locations":[{"start":{"line":122,"column":32},"end":{"line":122,"column":44}},{"start":{"line":122,"column":47},"end":{"line":122,"column":61}}],"line":122},"11":{"loc":{"start":{"line":130,"column":15},"end":{"line":137,"column":15}},"type":"binary-expr","locations":[{"start":{"line":130,"column":15},"end":{"line":130,"column":34}},{"start":{"line":131,"column":16},"end":{"line":136,"column":20}}],"line":130},"12":{"loc":{"start":{"line":138,"column":15},"end":{"line":140,"column":15}},"type":"binary-expr","locations":[{"start":{"line":138,"column":15},"end":{"line":138,"column":34}},{"start":{"line":139,"column":16},"end":{"line":139,"column":82}}],"line":138}},"s":{"0":0,"1":0,"2":0,"3":0,"4":0,"5":0,"6":0,"7":0,"8":0,"9":0,"10":0,"11":0,"12":0,"13":0,"14":0,"15":0,"16":0,"17":0,"18":0,"19":0,"20":0,"21":0,"22":0,"23":0,"24":0,"25":0,"26":0},"f":{"0":0,"1":0,"2":0},"b":{"0":[0,0],"1":[0,0],"2":[0,0],"3":[0,0],"4":[0,0],"5":[0,0],"6":[0,0],"7":[0,0],"8":[0,0],"9":[0,0],"10":[0,0],"11":[0,0],"12":[0,0]}}
,"/Users/hawkpdx/Development/code/project-dev-resume/src/components/ErrorBoundary.jsx": {"path":"/Users/hawkpdx/Development/code/project-dev-resume/src/components/ErrorBoundary.jsx","statementMap":{"0":{"start":{"line":5,"column":8},"end":{"line":5,"column":21}},"1":{"start":{"line":6,"column":8},"end":{"line":6,"column":54}},"2":{"start":{"line":10,"column":8},"end":{"line":10,"column":41}},"3":{"start":{"line":14,"column":8},"end":{"line":14,"column":69}},"4":{"start":{"line":18,"column":8},"end":{"line":25,"column":9}},"5":{"start":{"line":19,"column":12},"end":{"line":24,"column":14}},"6":{"start":{"line":27,"column":8},"end":{"line":27,"column":35}}},"fnMap":{"0":{"name":"(anonymous_0)","decl":{"start":{"line":4,"column":4},"end":{"line":4,"column":5}},"loc":{"start":{"line":4,"column":23},"end":{"line":7,"column":5}},"line":4},"1":{"name":"(anonymous_1)","decl":{"start":{"line":9,"column":4},"end":{"line":9,"column":5}},"loc":{"start":{"line":9,"column":43},"end":{"line":11,"column":5}},"line":9},"2":{"name":"(anonymous_2)","decl":{"start":{"line":13,"column":4},"end":{"line":13,"column":5}},"loc":{"start":{"line":13,"column":40},"end":{"line":15,"column":5}},"line":13},"3":{"name":"(anonymous_3)","decl":{"start":{"line":17,"column":4},"end":{"line":17,"column":5}},"loc":{"start":{"line":17,"column":13},"end":{"line":28,"column":5}},"line":17}},"branchMap":{"0":{"loc":{"start":{"line":18,"column":8},"end":{"line":25,"column":9}},"type":"if","locations":[{"start":{"line":18,"column":8},"end":{"line":25,"column":9}},{"start":{},"end":{}}],"line":18}},"s":{"0":0,"1":0,"2":0,"3":0,"4":0,"5":0,"6":0},"f":{"0":0,"1":0,"2":0,"3":0},"b":{"0":[0,0]}}
,"/Users/hawkpdx/Development/code/project-dev-resume/src/components/Experience.jsx": {"path":"/Users/hawkpdx/Development/code/project-dev-resume/src/components/Experience.jsx","statementMap":{"0":{"start":{"line":4,"column":19},"end":{"line":66,"column":1}},"1":{"start":{"line":5,"column":41},"end":{"line":5,"column":56}},"2":{"start":{"line":7,"column":2},"end":{"line":7,"column":106}},"3":{"start":{"line":7,"column":15},"end":{"line":7,"column":106}},"4":{"start":{"line":9,"column":2},"end":{"line":65,"column":4}},"5":{"start":{"line":21,"column":12},"end":{"line":60,"column":18}},"6":{"start":{"line":41,"column":22},"end":{"line":46,"column":29}}},"fnMap":{"0":{"name":"(anonymous_0)","decl":{"start":{"line":4,"column":19},"end":{"line":4,"column":20}},"loc":{"start":{"line":4,"column":25},"end":{"line":66,"column":1}},"line":4},"1":{"name":"(anonymous_1)","decl":{"start":{"line":20,"column":27},"end":{"line":20,"column":28}},"loc":{"start":{"line":21,"column":12},"end":{"line":60,"column":18}},"line":21},"2":{"name":"(anonymous_2)","decl":{"start":{"line":40,"column":53},"end":{"line":40,"column":54}},"loc":{"start":{"line":41,"column":22},"end":{"line":46,"column":29}},"line":41}},"branchMap":{"0":{"loc":{"start":{"line":7,"column":2},"end":{"line":7,"column":106}},"type":"if","locations":[{"start":{"line":7,"column":2},"end":{"line":7,"column":106}},{"start":{},"end":{}}],"line":7},"1":{"loc":{"start":{"line":29,"column":40},"end":{"line":29,"column":78}},"type":"cond-expr","locations":[{"start":{"line":29,"column":54},"end":{"line":29,"column":63}},{"start":{"line":29,"column":66},"end":{"line":29,"column":78}}],"line":29},"2":{"loc":{"start":{"line":36,"column":15},"end":{"line":50,"column":15}},"type":"binary-expr","locations":[{"start":{"line":36,"column":15},"end":{"line":36,"column":32}},{"start":{"line":37,"column":16},"end":{"line":49,"column":22}}],"line":36},"3":{"loc":{"start":{"line":52,"column":15},"end":{"line":59,"column":15}},"type":"binary-expr","locations":[{"start":{"line":52,"column":15},"end":{"line":52,"column":31}},{"start":{"line":53,"column":16},"end":{"line":58,"column":22}}],"line":52}},"s":{"0":0,"1":0,"2":0,"3":0,"4":0,"5":0,"6":0},"f":{"0":0,"1":0,"2":0},"b":{"0":[0,0],"1":[0,0],"2":[0,0],"3":[0,0]}}
,"/Users/hawkpdx/Development/code/project-dev-resume/src/components/Footer.jsx": {"path":"/Users/hawkpdx/Development/code/project-dev-resume/src/components/Footer.jsx","statementMap":{"0":{"start":{"line":4,"column":15},"end":{"line":41,"column":1}},"1":{"start":{"line":5,"column":33},"end":{"line":5,"column":50}},"2":{"start":{"line":7,"column":2},"end":{"line":40,"column":4}}},"fnMap":{"0":{"name":"(anonymous_0)","decl":{"start":{"line":4,"column":15},"end":{"line":4,"column":16}},"loc":{"start":{"line":4,"column":21},"end":{"line":41,"column":1}},"line":4}},"branchMap":{"0":{"loc":{"start":{"line":12,"column":13},"end":{"line":12,"column":52}},"type":"binary-expr","locations":[{"start":{"line":12,"column":13},"end":{"line":12,"column":31}},{"start":{"line":12,"column":35},"end":{"line":12,"column":52}}],"line":12},"1":{"loc":{"start":{"line":15,"column":13},"end":{"line":19,"column":13}},"type":"binary-expr","locations":[{"start":{"line":15,"column":13},"end":{"line":15,"column":32}},{"start":{"line":16,"column":14},"end":{"line":18,"column":16}}],"line":15},"2":{"loc":{"start":{"line":20,"column":13},"end":{"line":22,"column":13}},"type":"binary-expr","locations":[{"start":{"line":20,"column":13},"end":{"line":20,"column":32}},{"start":{"line":21,"column":14},"end":{"line":21,"column":76}}],"line":20},"3":{"loc":{"start":{"line":23,"column":13},"end":{"line":27,"column":13}},"type":"binary-expr","locations":[{"start":{"line":23,"column":13},"end":{"line":23,"column":35}},{"start":{"line":24,"column":14},"end":{"line":26,"column":18}}],"line":23},"4":{"loc":{"start":{"line":28,"column":13},"end":{"line":32,"column":13}},"type":"binary-expr","locations":[{"start":{"line":28,"column":13},"end":{"line":28,"column":33}},{"start":{"line":29,"column":14},"end":{"line":31,"column":18}}],"line":28},"5":{"loc":{"start":{"line":35,"column":20},"end":{"line":35,"column":59}},"type":"binary-expr","locations":[{"start":{"line":35,"column":20},"end":{"line":35,"column":38}},{"start":{"line":35,"column":42},"end":{"line":35,"column":59}}],"line":35}},"s":{"0":0,"1":0,"2":0},"f":{"0":0},"b":{"0":[0,0],"1":[0,0],"2":[0,0],"3":[0,0],"4":[0,0],"5":[0,0]}}
,"/Users/hawkpdx/Development/code/project-dev-resume/src/components/Hero.jsx": {"path":"/Users/hawkpdx/Development/code/project-dev-resume/src/components/Hero.jsx","statementMap":{"0":{"start":{"line":3,"column":13},"end":{"line":104,"column":1}},"1":{"start":{"line":4,"column":2},"end":{"line":103,"column":4}},"2":{"start":{"line":77,"column":35},"end":{"line":77,"column":80}},"3":{"start":{"line":78,"column":35},"end":{"line":78,"column":77}},"4":{"start":{"line":92,"column":35},"end":{"line":92,"column":80}},"5":{"start":{"line":93,"column":35},"end":{"line":93,"column":77}}},"fnMap":{"0":{"name":"(anonymous_0)","decl":{"start":{"line":3,"column":13},"end":{"line":3,"column":14}},"loc":{"start":{"line":3,"column":19},"end":{"line":104,"column":1}},"line":3},"1":{"name":"(anonymous_1)","decl":{"start":{"line":77,"column":28},"end":{"line":77,"column":29}},"loc":{"start":{"line":77,"column":35},"end":{"line":77,"column":80}},"line":77},"2":{"name":"(anonymous_2)","decl":{"start":{"line":78,"column":28},"end":{"line":78,"column":29}},"loc":{"start":{"line":78,"column":35},"end":{"line":78,"column":77}},"line":78},"3":{"name":"(anonymous_3)","decl":{"start":{"line":92,"column":28},"end":{"line":92,"column":29}},"loc":{"start":{"line":92,"column":35},"end":{"line":92,"column":80}},"line":92},"4":{"name":"(anonymous_4)","decl":{"start":{"line":93,"column":28},"end":{"line":93,"column":29}},"loc":{"start":{"line":93,"column":35},"end":{"line":93,"column":77}},"line":93}},"branchMap":{},"s":{"0":0,"1":0,"2":0,"3":0,"4":0,"5":0},"f":{"0":0,"1":0,"2":0,"3":0,"4":0},"b":{}}
,"/Users/hawkpdx/Development/code/project-dev-resume/src/components/Navbar.jsx": {"path":"/Users/hawkpdx/Development/code/project-dev-resume/src/components/Navbar.jsx","statementMap":{"0":{"start":{"line":3,"column":15},"end":{"line":129,"column":1}},"1":{"start":{"line":4,"column":30},"end":{"line":4,"column":45}},"2":{"start":{"line":5,"column":34},"end":{"line":5,"column":49}},"3":{"start":{"line":7,"column":21},"end":{"line":12,"column":3}},"4":{"start":{"line":14,"column":2},"end":{"line":23,"column":9}},"5":{"start":{"line":15,"column":24},"end":{"line":17,"column":5}},"6":{"start":{"line":16,"column":6},"end":{"line":16,"column":44}},"7":{"start":{"line":19,"column":4},"end":{"line":19,"column":18}},"8":{"start":{"line":20,"column":4},"end":{"line":20,"column":51}},"9":{"start":{"line":22,"column":4},"end":{"line":22,"column":67}},"10":{"start":{"line":22,"column":17},"end":{"line":22,"column":66}},"11":{"start":{"line":25,"column":2},"end":{"line":128,"column":4}},"12":{"start":{"line":60,"column":18},"end":{"line":74,"column":22}},"13":{"start":{"line":70,"column":41},"end":{"line":70,"column":85}},"14":{"start":{"line":71,"column":41},"end":{"line":71,"column":86}},"15":{"start":{"line":83,"column":31},"end":{"line":83,"column":49}},"16":{"start":{"line":107,"column":14},"end":{"line":122,"column":18}},"17":{"start":{"line":117,"column":31},"end":{"line":117,"column":47}},"18":{"start":{"line":118,"column":37},"end":{"line":118,"column":81}},"19":{"start":{"line":119,"column":37},"end":{"line":119,"column":82}}},"fnMap":{"0":{"name":"(anonymous_0)","decl":{"start":{"line":3,"column":15},"end":{"line":3,"column":16}},"loc":{"start":{"line":3,"column":21},"end":{"line":129,"column":1}},"line":3},"1":{"name":"(anonymous_1)","decl":{"start":{"line":14,"column":12},"end":{"line":14,"column":13}},"loc":{"start":{"line":14,"column":18},"end":{"line":23,"column":3}},"line":14},"2":{"name":"(anonymous_2)","decl":{"start":{"line":15,"column":24},"end":{"line":15,"column":25}},"loc":{"start":{"line":15,"column":30},"end":{"line":17,"column":5}},"line":15},"3":{"name":"(anonymous_3)","decl":{"start":{"line":22,"column":11},"end":{"line":22,"column":12}},"loc":{"start":{"line":22,"column":17},"end":{"line":22,"column":66}},"line":22},"4":{"name":"(anonymous_4)","decl":{"start":{"line":59,"column":32},"end":{"line":59,"column":33}},"loc":{"start":{"line":60,"column":18},"end":{"line":74,"column":22}},"line":60},"5":{"name":"(anonymous_5)","decl":{"start":{"line":70,"column":34},"end":{"line":70,"column":35}},"loc":{"start":{"line":70,"column":41},"end":{"line":70,"column":85}},"line":70},"6":{"name":"(anonymous_6)","decl":{"start":{"line":71,"column":34},"end":{"line":71,"column":35}},"loc":{"start":{"line":71,"column":41},"end":{"line":71,"column":86}},"line":71},"7":{"name":"(anonymous_7)","decl":{"start":{"line":83,"column":25},"end":{"line":83,"column":26}},"loc":{"start":{"line":83,"column":31},"end":{"line":83,"column":49}},"line":83},"8":{"name":"(anonymous_8)","decl":{"start":{"line":106,"column":28},"end":{"line":106,"column":29}},"loc":{"start":{"line":107,"column":14},"end":{"line":122,"column":18}},"line":107},"9":{"name":"(anonymous_9)","decl":{"start":{"line":117,"column":25},"end":{"line":117,"column":26}},"loc":{"start":{"line":117,"column":31},"end":{"line":117,"column":47}},"line":117},"10":{"name":"(anonymous_10)","decl":{"start":{"line":118,"column":30},"end":{"line":118,"column":31}},"loc":{"start":{"line":118,"column":37},"end":{"line":118,"column":81}},"line":118},"11":{"name":"(anonymous_11)","decl":{"start":{"line":119,"column":30},"end":{"line":119,"column":31}},"loc":{"start":{"line":119,"column":37},"end":{"line":119,"column":82}},"line":119}},"branchMap":{"0":{"loc":{"start":{"line":52,"column":11},"end":{"line":78,"column":11}},"type":"binary-expr","locations":[{"start":{"line":52,"column":11},"end":{"line":52,"column":20}},{"start":{"line":53,"column":12},"end":{"line":77,"column":18}}],"line":52},"1":{"loc":{"start":{"line":80,"column":11},"end":{"line":96,"column":11}},"type":"binary-expr","locations":[{"start":{"line":80,"column":11},"end":{"line":80,"column":19}},{"start":{"line":81,"column":12},"end":{"line":95,"column":18}}],"line":80},"2":{"loc":{"start":{"line":93,"column":17},"end":{"line":93,"column":35}},"type":"cond-expr","locations":[{"start":{"line":93,"column":26},"end":{"line":93,"column":29}},{"start":{"line":93,"column":32},"end":{"line":93,"column":35}}],"line":93},"3":{"loc":{"start":{"line":100,"column":7},"end":{"line":126,"column":7}},"type":"binary-expr","locations":[{"start":{"line":100,"column":7},"end":{"line":100,"column":13}},{"start":{"line":100,"column":17},"end":{"line":100,"column":25}},{"start":{"line":101,"column":8},"end":{"line":125,"column":14}}],"line":100}},"s":{"0":0,"1":0,"2":0,"3":0,"4":0,"5":0,"6":0,"7":0,"8":0,"9":0,"10":0,"11":0,"12":0,"13":0,"14":0,"15":0,"16":0,"17":0,"18":0,"19":0},"f":{"0":0,"1":0,"2":0,"3":0,"4":0,"5":0,"6":0,"7":0,"8":0,"9":0,"10":0,"11":0},"b":{"0":[0,0],"1":[0,0],"2":[0,0],"3":[0,0,0]}}
,"/Users/hawkpdx/Development/code/project-dev-resume/src/components/Projects.jsx": {"path":"/Users/hawkpdx/Development/code/project-dev-resume/src/components/Projects.jsx","statementMap":{"0":{"start":{"line":9,"column":17},"end":{"line":190,"column":2}},"1":{"start":{"line":10,"column":47},"end":{"line":10,"column":60}},"2":{"start":{"line":11,"column":40},"end":{"line":14,"column":4}},"3":{"start":{"line":15,"column":32},"end":{"line":15,"column":44}},"4":{"start":{"line":17,"column":2},"end":{"line":19,"column":6}},"5":{"start":{"line":17,"column":34},"end":{"line":19,"column":3}},"6":{"start":{"line":21,"column":21},"end":{"line":26,"column":3}},"7":{"start":{"line":23,"column":4},"end":{"line":25,"column":5}},"8":{"start":{"line":24,"column":6},"end":{"line":24,"column":35}},"9":{"start":{"line":28,"column":28},"end":{"line":33,"column":3}},"10":{"start":{"line":29,"column":4},"end":{"line":32,"column":7}},"11":{"start":{"line":35,"column":30},"end":{"line":48,"column":3}},"12":{"start":{"line":36,"column":4},"end":{"line":47,"column":5}},"13":{"start":{"line":37,"column":6},"end":{"line":37,"column":66}},"14":{"start":{"line":38,"column":6},"end":{"line":38,"column":50}},"15":{"start":{"line":39,"column":6},"end":{"line":39,"column":16}},"16":{"start":{"line":40,"column":6},"end":{"line":40,"column":55}},"17":{"start":{"line":43,"column":6},"end":{"line":43,"column":45}},"18":{"start":{"line":43,"column":23},"end":{"line":43,"column":37}},"19":{"start":{"line":45,"column":6},"end":{"line":45,"column":94}},"20":{"start":{"line":46,"column":6},"end":{"line":46,"column":55}},"21":{"start":{"line":50,"column":29},"end":{"line":52,"column":3}},"22":{"start":{"line":51,"column":4},"end":{"line":51,"column":53}},"23":{"start":{"line":54,"column":2},"end":{"line":54,"column":67}},"24":{"start":{"line":55,"column":25},"end":{"line":57,"column":3}},"25":{"start":{"line":56,"column":4},"end":{"line":56,"column":56}},"26":{"start":{"line":56,"column":36},"end":{"line":56,"column":55}},"27":{"start":{"line":59,"column":2},"end":{"line":59,"column":80}},"28":{"start":{"line":61,"column":2},"end":{"line":61,"column":83}},"29":{"start":{"line":61,"column":15},"end":{"line":61,"column":83}},"30":{"start":{"line":63,"column":2},"end":{"line":189,"column":4}},"31":{"start":{"line":88,"column":12},"end":{"line":173,"column":18}},"32":{"start":{"line":101,"column":22},"end":{"line":106,"column":29}},"33":{"start":{"line":138,"column":37},"end":{"line":138,"column":56}},"34":{"start":{"line":155,"column":37},"end":{"line":155,"column":63}}},"fnMap":{"0":{"name":"(anonymous_0)","decl":{"start":{"line":9,"column":28},"end":{"line":9,"column":29}},"loc":{"start":{"line":9,"column":44},"end":{"line":190,"column":1}},"line":9},"1":{"name":"(anonymous_1)","decl":{"start":{"line":17,"column":27},"end":{"line":17,"column":28}},"loc":{"start":{"line":17,"column":34},"end":{"line":19,"column":3}},"line":17},"2":{"name":"(anonymous_2)","decl":{"start":{"line":21,"column":21},"end":{"line":21,"column":22}},"loc":{"start":{"line":21,"column":34},"end":{"line":26,"column":3}},"line":21},"3":{"name":"(anonymous_3)","decl":{"start":{"line":28,"column":28},"end":{"line":28,"column":29}},"loc":{"start":{"line":28,"column":41},"end":{"line":33,"column":3}},"line":28},"4":{"name":"(anonymous_4)","decl":{"start":{"line":35,"column":30},"end":{"line":35,"column":31}},"loc":{"start":{"line":35,"column":42},"end":{"line":48,"column":3}},"line":35},"5":{"name":"(anonymous_5)","decl":{"start":{"line":43,"column":17},"end":{"line":43,"column":18}},"loc":{"start":{"line":43,"column":23},"end":{"line":43,"column":37}},"line":43},"6":{"name":"(anonymous_6)","decl":{"start":{"line":50,"column":29},"end":{"line":50,"column":30}},"loc":{"start":{"line":50,"column":35},"end":{"line":52,"column":3}},"line":50},"7":{"name":"(anonymous_7)","decl":{"start":{"line":55,"column":41},"end":{"line":55,"column":42}},"loc":{"start":{"line":56,"column":4},"end":{"line":56,"column":56}},"line":56},"8":{"name":"(anonymous_8)","decl":{"start":{"line":56,"column":29},"end":{"line":56,"column":30}},"loc":{"start":{"line":56,"column":36},"end":{"line":56,"column":55}},"line":56},"9":{"name":"(anonymous_9)","decl":{"start":{"line":87,"column":30},"end":{"line":87,"column":31}},"loc":{"start":{"line":88,"column":12},"end":{"line":173,"column":18}},"line":88},"10":{"name":"(anonymous_10)","decl":{"start":{"line":100,"column":58},"end":{"line":100,"column":59}},"loc":{"start":{"line":101,"column":22},"end":{"line":106,"column":29}},"line":101},"11":{"name":"(anonymous_11)","decl":{"start":{"line":138,"column":31},"end":{"line":138,"column":32}},"loc":{"start":{"line":138,"column":37},"end":{"line":138,"column":56}},"line":138},"12":{"name":"(anonymous_12)","decl":{"start":{"line":155,"column":31},"end":{"line":155,"column":32}},"loc":{"start":{"line":155,"column":37},"end":{"line":155,"column":63}},"line":155}},"branchMap":{"0":{"loc":{"start":{"line":23,"column":4},"end":{"line":25,"column":5}},"type":"if","locations":[{"start":{"line":23,"column":4},"end":{"line":25,"column":5}},{"start":{},"end":{}}],"line":23},"1":{"loc":{"start":{"line":45,"column":47},"end":{"line":45,"column":91}},"type":"binary-expr","locations":[{"start":{"line":45,"column":47},"end":{"line":45,"column":74}},{"start":{"line":45,"column":78},"end":{"line":45,"column":91}}],"line":45},"2":{"loc":{"start":{"line":61,"column":2},"end":{"line":61,"column":83}},"type":"if","locations":[{"start":{"line":61,"column":2},"end":{"line":61,"column":83}},{"start":{},"end":{}}],"line":61},"3":{"loc":{"start":{"line":73,"column":9},"end":{"line":84,"column":9}},"type":"binary-expr","locations":[{"start":{"line":73,"column":9},"end":{"line":73,"column":16}},{"start":{"line":74,"column":10},"end":{"line":83,"column":16}}],"line":73},"4":{"loc":{"start":{"line":77,"column":29},"end":{"line":77,"column":78}},"type":"cond-expr","locations":[{"start":{"line":77,"column":57},"end":{"line":77,"column":66}},{"start":{"line":77,"column":69},"end":{"line":77,"column":78}}],"line":77},"5":{"loc":{"start":{"line":78,"column":19},"end":{"line":78,"column":68}},"type":"cond-expr","locations":[{"start":{"line":78,"column":47},"end":{"line":78,"column":56}},{"start":{"line":78,"column":59},"end":{"line":78,"column":68}}],"line":78},"6":{"loc":{"start":{"line":113,"column":21},"end":{"line":122,"column":21}},"type":"binary-expr","locations":[{"start":{"line":113,"column":21},"end":{"line":113,"column":39}},{"start":{"line":114,"column":22},"end":{"line":121,"column":26}}],"line":113},"7":{"loc":{"start":{"line":123,"column":21},"end":{"line":133,"column":21}},"type":"binary-expr","locations":[{"start":{"line":123,"column":21},"end":{"line":123,"column":37}},{"start":{"line":124,"column":22},"end":{"line":132,"column":26}}],"line":123}},"s":{"0":0,"1":0,"2":0,"3":0,"4":0,"5":0,"6":0,"7":0,"8":0,"9":0,"10":0,"11":0,"12":0,"13":0,"14":0,"15":0,"16":0,"17":0,"18":0,"19":0,"20":0,"21":0,"22":0,"23":0,"24":0,"25":0,"26":0,"27":0,"28":0,"29":0,"30":0,"31":0,"32":0,"33":0,"34":0},"f":{"0":0,"1":0,"2":0,"3":0,"4":0,"5":0,"6":0,"7":0,"8":0,"9":0,"10":0,"11":0,"12":0},"b":{"0":[0,0],"1":[0,0],"2":[0,0],"3":[0,0],"4":[0,0],"5":[0,0],"6":[0,0],"7":[0,0]}}
,"/Users/hawkpdx/Development/code/project-dev-resume/src/components/Skills.jsx": {"path":"/Users/hawkpdx/Development/code/project-dev-resume/src/components/Skills.jsx","statementMap":{"0":{"start":{"line":4,"column":15},"end":{"line":48,"column":1}},"1":{"start":{"line":5,"column":36},"end":{"line":5,"column":47}},"2":{"start":{"line":7,"column":2},"end":{"line":7,"column":81}},"3":{"start":{"line":7,"column":15},"end":{"line":7,"column":81}},"4":{"start":{"line":9,"column":26},"end":{"line":9,"column":45}},"5":{"start":{"line":11,"column":2},"end":{"line":47,"column":4}},"6":{"start":{"line":23,"column":12},"end":{"line":42,"column":18}},"7":{"start":{"line":29,"column":18},"end":{"line":39,"column":24}}},"fnMap":{"0":{"name":"(anonymous_0)","decl":{"start":{"line":4,"column":15},"end":{"line":4,"column":16}},"loc":{"start":{"line":4,"column":21},"end":{"line":48,"column":1}},"line":4},"1":{"name":"(anonymous_1)","decl":{"start":{"line":22,"column":31},"end":{"line":22,"column":32}},"loc":{"start":{"line":23,"column":12},"end":{"line":42,"column":18}},"line":23},"2":{"name":"(anonymous_2)","decl":{"start":{"line":28,"column":39},"end":{"line":28,"column":40}},"loc":{"start":{"line":29,"column":18},"end":{"line":39,"column":24}},"line":29}},"branchMap":{"0":{"loc":{"start":{"line":7,"column":2},"end":{"line":7,"column":81}},"type":"if","locations":[{"start":{"line":7,"column":2},"end":{"line":7,"column":81}},{"start":{},"end":{}}],"line":7}},"s":{"0":0,"1":0,"2":0,"3":0,"4":0,"5":0,"6":0,"7":0},"f":{"0":0,"1":0,"2":0},"b":{"0":[0,0]}}
,"/Users/hawkpdx/Development/code/project-dev-resume/src/hooks/useData.js": {"path":"/Users/hawkpdx/Development/code/project-dev-resume/src/hooks/useData.js","statementMap":{"0":{"start":{"line":4,"column":31},"end":{"line":25,"column":1}},"1":{"start":{"line":5,"column":28},"end":{"line":5,"column":42}},"2":{"start":{"line":6,"column":34},"end":{"line":6,"column":48}},"3":{"start":{"line":7,"column":30},"end":{"line":7,"column":44}},"4":{"start":{"line":9,"column":4},"end":{"line":22,"column":11}},"5":{"start":{"line":10,"column":26},"end":{"line":19,"column":9}},"6":{"start":{"line":11,"column":12},"end":{"line":18,"column":13}},"7":{"start":{"line":12,"column":33},"end":{"line":12,"column":70}},"8":{"start":{"line":13,"column":16},"end":{"line":13,"column":39}},"9":{"start":{"line":15,"column":16},"end":{"line":15,"column":38}},"10":{"start":{"line":17,"column":16},"end":{"line":17,"column":34}},"11":{"start":{"line":21,"column":8},"end":{"line":21,"column":20}},"12":{"start":{"line":24,"column":4},"end":{"line":24,"column":36}},"13":{"start":{"line":27,"column":27},"end":{"line":49,"column":1}},"14":{"start":{"line":28,"column":28},"end":{"line":28,"column":40}},"15":{"start":{"line":29,"column":34},"end":{"line":29,"column":48}},"16":{"start":{"line":30,"column":30},"end":{"line":30,"column":44}},"17":{"start":{"line":32,"column":22},"end":{"line":42,"column":5}},"18":{"start":{"line":33,"column":8},"end":{"line":33,"column":25}},"19":{"start":{"line":34,"column":8},"end":{"line":41,"column":9}},"20":{"start":{"line":35,"column":29},"end":{"line":35,"column":64}},"21":{"start":{"line":36,"column":12},"end":{"line":36,"column":35}},"22":{"start":{"line":38,"column":12},"end":{"line":38,"column":34}},"23":{"start":{"line":40,"column":12},"end":{"line":40,"column":30}},"24":{"start":{"line":44,"column":4},"end":{"line":46,"column":11}},"25":{"start":{"line":45,"column":8},"end":{"line":45,"column":20}},"26":{"start":{"line":48,"column":4},"end":{"line":48,"column":56}},"27":{"start":{"line":51,"column":25},"end":{"line":72,"column":1}},"28":{"start":{"line":52,"column":28},"end":{"line":52,"column":40}},"29":{"start":{"line":53,"column":34},"end":{"line":53,"column":48}},"30":{"start":{"line":54,"column":30},"end":{"line":54,"column":44}},"31":{"start":{"line":56,"column":4},"end":{"line":69,"column":11}},"32":{"start":{"line":57,"column":26},"end":{"line":66,"column":9}},"33":{"start":{"line":58,"column":12},"end":{"line":65,"column":13}},"34":{"start":{"line":59,"column":33},"end":{"line":59,"column":64}},"35":{"start":{"line":60,"column":16},"end":{"line":60,"column":39}},"36":{"start":{"line":62,"column":16},"end":{"line":62,"column":38}},"37":{"start":{"line":64,"column":16},"end":{"line":64,"column":34}},"38":{"start":{"line":68,"column":8},"end":{"line":68,"column":20}},"39":{"start":{"line":71,"column":4},"end":{"line":71,"column":36}},"40":{"start":{"line":74,"column":29},"end":{"line":95,"column":1}},"41":{"start":{"line":75,"column":28},"end":{"line":75,"column":40}},"42":{"start":{"line":76,"column":34},"end":{"line":76,"column":48}},"43":{"start":{"line":77,"column":30},"end":{"line":77,"column":44}},"44":{"start":{"line":79,"column":4},"end":{"line":92,"column":11}},"45":{"start":{"line":80,"column":26},"end":{"line":89,"column":9}},"46":{"start":{"line":81,"column":12},"end":{"line":88,"column":13}},"47":{"start":{"line":82,"column":33},"end":{"line":82,"column":68}},"48":{"start":{"line":83,"column":16},"end":{"line":83,"column":39}},"49":{"start":{"line":85,"column":16},"end":{"line":85,"column":38}},"50":{"start":{"line":87,"column":16},"end":{"line":87,"column":34}},"51":{"start":{"line":91,"column":8},"end":{"line":91,"column":20}},"52":{"start":{"line":94,"column":4},"end":{"line":94,"column":36}}},"fnMap":{"0":{"name":"(anonymous_0)","decl":{"start":{"line":4,"column":31},"end":{"line":4,"column":32}},"loc":{"start":{"line":4,"column":37},"end":{"line":25,"column":1}},"line":4},"1":{"name":"(anonymous_1)","decl":{"start":{"line":9,"column":14},"end":{"line":9,"column":15}},"loc":{"start":{"line":9,"column":20},"end":{"line":22,"column":5}},"line":9},"2":{"name":"(anonymous_2)","decl":{"start":{"line":10,"column":26},"end":{"line":10,"column":27}},"loc":{"start":{"line":10,"column":38},"end":{"line":19,"column":9}},"line":10},"3":{"name":"(anonymous_3)","decl":{"start":{"line":27,"column":27},"end":{"line":27,"column":28}},"loc":{"start":{"line":27,"column":33},"end":{"line":49,"column":1}},"line":27},"4":{"name":"(anonymous_4)","decl":{"start":{"line":32,"column":22},"end":{"line":32,"column":23}},"loc":{"start":{"line":32,"column":34},"end":{"line":42,"column":5}},"line":32},"5":{"name":"(anonymous_5)","decl":{"start":{"line":44,"column":14},"end":{"line":44,"column":15}},"loc":{"start":{"line":44,"column":20},"end":{"line":46,"column":5}},"line":44},"6":{"name":"(anonymous_6)","decl":{"start":{"line":51,"column":25},"end":{"line":51,"column":26}},"loc":{"start":{"line":51,"column":31},"end":{"line":72,"column":1}},"line":51},"7":{"name":"(anonymous_7)","decl":{"start":{"line":56,"column":14},"end":{"line":56,"column":15}},"loc":{"start":{"line":56,"column":20},"end":{"line":69,"column":5}},"line":56},"8":{"name":"(anonymous_8)","decl":{"start":{"line":57,"column":26},"end":{"line":57,"column":27}},"loc":{"start":{"line":57,"column":38},"end":{"line":66,"column":9}},"line":57},"9":{"name":"(anonymous_9)","decl":{"start":{"line":74,"column":29},"end":{"line":74,"column":30}},"loc":{"start":{"line":74,"column":35},"end":{"line":95,"column":1}},"line":74},"10":{"name":"(anonymous_10)","decl":{"start":{"line":79,"column":14},"end":{"line":79,"column":15}},"loc":{"start":{"line":79,"column":20},"end":{"line":92,"column":5}},"line":79},"11":{"name":"(anonymous_11)","decl":{"start":{"line":80,"column":26},"end":{"line":80,"column":27}},"loc":{"start":{"line":80,"column":38},"end":{"line":89,"column":9}},"line":80}},"branchMap":{},"s":{"0":0,"1":0,"2":0,"3":0,"4":0,"5":0,"6":0,"7":0,"8":0,"9":0,"10":0,"11":0,"12":0,"13":0,"14":0,"15":0,"16":0,"17":0,"18":0,"19":0,"20":0,"21":0,"22":0,"23":0,"24":0,"25":0,"26":0,"27":0,"28":0,"29":0,"30":0,"31":0,"32":0,"33":0,"34":0,"35":0,"36":0,"37":0,"38":0,"39":0,"40":0,"41":0,"42":0,"43":0,"44":0,"45":0,"46":0,"47":0,"48":0,"49":0,"50":0,"51":0,"52":0},"f":{"0":0,"1":0,"2":0,"3":0,"4":0,"5":0,"6":0,"7":0,"8":0,"9":0,"10":0,"11":0},"b":{}}
,"/Users/hawkpdx/Development/code/project-dev-resume/src/services/api.js": {"path":"/Users/hawkpdx/Development/code/project-dev-resume/src/services/api.js","statementMap":{"0":{"start":{"line":3,"column":21},"end":{"line":3,"column":80}},"1":{"start":{"line":5,"column":12},"end":{"line":8,"column":2}},"2":{"start":{"line":11,"column":0},"end":{"line":17,"column":2}},"3":{"start":{"line":12,"column":16},"end":{"line":12,"column":22}},"4":{"start":{"line":14,"column":8},"end":{"line":14,"column":47}},"5":{"start":{"line":15,"column":8},"end":{"line":15,"column":37}},"6":{"start":{"line":20,"column":0},"end":{"line":35,"column":2}},"7":{"start":{"line":21,"column":18},"end":{"line":21,"column":26}},"8":{"start":{"line":23,"column":8},"end":{"line":32,"column":9}},"9":{"start":{"line":25,"column":12},"end":{"line":25,"column":61}},"10":{"start":{"line":26,"column":15},"end":{"line":32,"column":9}},"11":{"start":{"line":28,"column":12},"end":{"line":28,"column":59}},"12":{"start":{"line":31,"column":12},"end":{"line":31,"column":51}},"13":{"start":{"line":33,"column":8},"end":{"line":33,"column":37}},"14":{"start":{"line":37,"column":29},"end":{"line":41,"column":1}},"15":{"start":{"line":38,"column":27},"end":{"line":38,"column":54}},"16":{"start":{"line":39,"column":25},"end":{"line":39,"column":54}},"17":{"start":{"line":40,"column":24},"end":{"line":40,"column":52}},"18":{"start":{"line":43,"column":31},"end":{"line":50,"column":1}},"19":{"start":{"line":44,"column":23},"end":{"line":44,"column":44}},"20":{"start":{"line":45,"column":31},"end":{"line":45,"column":60}},"21":{"start":{"line":46,"column":24},"end":{"line":46,"column":50}},"22":{"start":{"line":47,"column":26},"end":{"line":47,"column":54}},"23":{"start":{"line":48,"column":31},"end":{"line":48,"column":63}},"24":{"start":{"line":49,"column":27},"end":{"line":49,"column":56}},"25":{"start":{"line":52,"column":29},"end":{"line":54,"column":1}},"26":{"start":{"line":53,"column":21},"end":{"line":53,"column":40}},"27":{"start":{"line":56,"column":30},"end":{"line":58,"column":1}},"28":{"start":{"line":57,"column":27},"end":{"line":57,"column":53}}},"fnMap":{"0":{"name":"(anonymous_0)","decl":{"start":{"line":12,"column":4},"end":{"line":12,"column":5}},"loc":{"start":{"line":12,"column":16},"end":{"line":12,"column":22}},"line":12},"1":{"name":"(anonymous_1)","decl":{"start":{"line":13,"column":4},"end":{"line":13,"column":5}},"loc":{"start":{"line":13,"column":15},"end":{"line":16,"column":5}},"line":13},"2":{"name":"(anonymous_2)","decl":{"start":{"line":21,"column":4},"end":{"line":21,"column":5}},"loc":{"start":{"line":21,"column":18},"end":{"line":21,"column":26}},"line":21},"3":{"name":"(anonymous_3)","decl":{"start":{"line":22,"column":4},"end":{"line":22,"column":5}},"loc":{"start":{"line":22,"column":15},"end":{"line":34,"column":5}},"line":22},"4":{"name":"(anonymous_4)","decl":{"start":{"line":38,"column":21},"end":{"line":38,"column":22}},"loc":{"start":{"line":38,"column":27},"end":{"line":38,"column":54}},"line":38},"5":{"name":"(anonymous_5)","decl":{"start":{"line":39,"column":19},"end":{"line":39,"column":20}},"loc":{"start":{"line":39,"column":25},"end":{"line":39,"column":54}},"line":39},"6":{"name":"(anonymous_6)","decl":{"start":{"line":40,"column":18},"end":{"line":40,"column":19}},"loc":{"start":{"line":40,"column":24},"end":{"line":40,"column":52}},"line":40},"7":{"name":"(anonymous_7)","decl":{"start":{"line":44,"column":17},"end":{"line":44,"column":18}},"loc":{"start":{"line":44,"column":23},"end":{"line":44,"column":44}},"line":44},"8":{"name":"(anonymous_8)","decl":{"start":{"line":45,"column":25},"end":{"line":45,"column":26}},"loc":{"start":{"line":45,"column":31},"end":{"line":45,"column":60}},"line":45},"9":{"name":"(anonymous_9)","decl":{"start":{"line":46,"column":16},"end":{"line":46,"column":17}},"loc":{"start":{"line":46,"column":24},"end":{"line":46,"column":50}},"line":46},"10":{"name":"(anonymous_10)","decl":{"start":{"line":47,"column":16},"end":{"line":47,"column":17}},"loc":{"start":{"line":47,"column":26},"end":{"line":47,"column":54}},"line":47},"11":{"name":"(anonymous_11)","decl":{"start":{"line":48,"column":17},"end":{"line":48,"column":18}},"loc":{"start":{"line":48,"column":31},"end":{"line":48,"column":63}},"line":48},"12":{"name":"(anonymous_12)","decl":{"start":{"line":49,"column":19},"end":{"line":49,"column":20}},"loc":{"start":{"line":49,"column":27},"end":{"line":49,"column":56}},"line":49},"13":{"name":"(anonymous_13)","decl":{"start":{"line":53,"column":15},"end":{"line":53,"column":16}},"loc":{"start":{"line":53,"column":21},"end":{"line":53,"column":40}},"line":53},"14":{"name":"(anonymous_14)","decl":{"start":{"line":57,"column":17},"end":{"line":57,"column":18}},"loc":{"start":{"line":57,"column":27},"end":{"line":57,"column":53}},"line":57}},"branchMap":{"0":{"loc":{"start":{"line":3,"column":21},"end":{"line":3,"column":80}},"type":"binary-expr","locations":[{"start":{"line":3,"column":21},"end":{"line":3,"column":49}},{"start":{"line":3,"column":53},"end":{"line":3,"column":80}}],"line":3},"1":{"loc":{"start":{"line":23,"column":8},"end":{"line":32,"column":9}},"type":"if","locations":[{"start":{"line":23,"column":8},"end":{"line":32,"column":9}},{"start":{"line":26,"column":15},"end":{"line":32,"column":9}}],"line":23},"2":{"loc":{"start":{"line":26,"column":15},"end":{"line":32,"column":9}},"type":"if","locations":[{"start":{"line":26,"column":15},"end":{"line":32,"column":9}},{"start":{"line":29,"column":15},"end":{"line":32,"column":9}}],"line":26}},"s":{"0":0,"1":0,"2":0,"3":0,"4":0,"5":0,"6":0,"7":0,"8":0,"9":0,"10":0,"11":0,"12":0,"13":0,"14":0,"15":0,"16":0,"17":0,"18":0,"19":0,"20":0,"21":0,"22":0,"23":0,"24":0,"25":0,"26":0,"27":0,"28":0},"f":{"0":0,"1":0,"2":0,"3":0,"4":0,"5":0,"6":0,"7":0,"8":0,"9":0,"10":0,"11":0,"12":0,"13":0,"14":0},"b":{"0":[0,0],"1":[0,0],"2":[0,0]}}
,"/Users/hawkpdx/Development/code/project-dev-resume/src/utils/analytics.js": {"path":"/Users/hawkpdx/Development/code/project-dev-resume/src/utils/analytics.js","statementMap":{"0":{"start":{"line":4,"column":29},"end":{"line":19,"column":1}},"1":{"start":{"line":6,"column":4},"end":{"line":6,"column":38}},"2":{"start":{"line":9,"column":4},"end":{"line":13,"column":5}},"3":{"start":{"line":10,"column":8},"end":{"line":12,"column":11}},"4":{"start":{"line":16,"column":4},"end":{"line":18,"column":5}},"5":{"start":{"line":17,"column":8},"end":{"line":17,"column":37}},"6":{"start":{"line":21,"column":26},"end":{"line":44,"column":1}},"7":{"start":{"line":23,"column":4},"end":{"line":23,"column":68}},"8":{"start":{"line":26,"column":4},"end":{"line":32,"column":5}},"9":{"start":{"line":27,"column":8},"end":{"line":31,"column":11}},"10":{"start":{"line":35,"column":4},"end":{"line":43,"column":5}},"11":{"start":{"line":36,"column":8},"end":{"line":42,"column":11}},"12":{"start":{"line":46,"column":42},"end":{"line":48,"column":1}},"13":{"start":{"line":47,"column":4},"end":{"line":47,"column":78}},"14":{"start":{"line":50,"column":32},"end":{"line":52,"column":1}},"15":{"start":{"line":51,"column":4},"end":{"line":51,"column":57}},"16":{"start":{"line":54,"column":35},"end":{"line":56,"column":1}},"17":{"start":{"line":55,"column":4},"end":{"line":55,"column":37}},"18":{"start":{"line":59,"column":29},"end":{"line":67,"column":1}},"19":{"start":{"line":60,"column":4},"end":{"line":66,"column":5}},"20":{"start":{"line":62,"column":8},"end":{"line":62,"column":45}},"21":{"start":{"line":65,"column":8},"end":{"line":65,"column":48}}},"fnMap":{"0":{"name":"(anonymous_0)","decl":{"start":{"line":4,"column":29},"end":{"line":4,"column":30}},"loc":{"start":{"line":4,"column":39},"end":{"line":19,"column":1}},"line":4},"1":{"name":"(anonymous_1)","decl":{"start":{"line":21,"column":26},"end":{"line":21,"column":27}},"loc":{"start":{"line":21,"column":74},"end":{"line":44,"column":1}},"line":21},"2":{"name":"(anonymous_2)","decl":{"start":{"line":46,"column":42},"end":{"line":46,"column":43}},"loc":{"start":{"line":46,"column":62},"end":{"line":48,"column":1}},"line":46},"3":{"name":"(anonymous_3)","decl":{"start":{"line":50,"column":32},"end":{"line":50,"column":33}},"loc":{"start":{"line":50,"column":50},"end":{"line":52,"column":1}},"line":50},"4":{"name":"(anonymous_4)","decl":{"start":{"line":54,"column":35},"end":{"line":54,"column":36}},"loc":{"start":{"line":54,"column":41},"end":{"line":56,"column":1}},"line":54},"5":{"name":"(anonymous_5)","decl":{"start":{"line":59,"column":29},"end":{"line":59,"column":30}},"loc":{"start":{"line":59,"column":35},"end":{"line":67,"column":1}},"line":59}},"branchMap":{"0":{"loc":{"start":{"line":9,"column":4},"end":{"line":13,"column":5}},"type":"if","locations":[{"start":{"line":9,"column":4},"end":{"line":13,"column":5}},{"start":{},"end":{}}],"line":9},"1":{"loc":{"start":{"line":9,"column":8},"end":{"line":9,"column":52}},"type":"binary-expr","locations":[{"start":{"line":9,"column":8},"end":{"line":9,"column":37}},{"start":{"line":9,"column":41},"end":{"line":9,"column":52}}],"line":9},"2":{"loc":{"start":{"line":16,"column":4},"end":{"line":18,"column":5}},"type":"if","locations":[{"start":{"line":16,"column":4},"end":{"line":18,"column":5}},{"start":{},"end":{}}],"line":16},"3":{"loc":{"start":{"line":16,"column":8},"end":{"line":16,"column":57}},"type":"binary-expr","locations":[{"start":{"line":16,"column":8},"end":{"line":16,"column":37}},{"start":{"line":16,"column":41},"end":{"line":16,"column":57}}],"line":16},"4":{"loc":{"start":{"line":21,"column":45},"end":{"line":21,"column":55}},"type":"default-arg","locations":[{"start":{"line":21,"column":53},"end":{"line":21,"column":55}}],"line":21},"5":{"loc":{"start":{"line":21,"column":57},"end":{"line":21,"column":69}},"type":"default-arg","locations":[{"start":{"line":21,"column":65},"end":{"line":21,"column":69}}],"line":21},"6":{"loc":{"start":{"line":26,"column":4},"end":{"line":32,"column":5}},"type":"if","locations":[{"start":{"line":26,"column":4},"end":{"line":32,"column":5}},{"start":{},"end":{}}],"line":26},"7":{"loc":{"start":{"line":26,"column":8},"end":{"line":26,"column":52}},"type":"binary-expr","locations":[{"start":{"line":26,"column":8},"end":{"line":26,"column":37}},{"start":{"line":26,"column":41},"end":{"line":26,"column":52}}],"line":26},"8":{"loc":{"start":{"line":35,"column":4},"end":{"line":43,"column":5}},"type":"if","locations":[{"start":{"line":35,"column":4},"end":{"line":43,"column":5}},{"start":{},"end":{}}],"line":35},"9":{"loc":{"start":{"line":35,"column":8},"end":{"line":35,"column":57}},"type":"binary-expr","locations":[{"start":{"line":35,"column":8},"end":{"line":35,"column":37}},{"start":{"line":35,"column":41},"end":{"line":35,"column":57}}],"line":35},"10":{"loc":{"start":{"line":46,"column":43},"end":{"line":46,"column":57}},"type":"default-arg","locations":[{"start":{"line":46,"column":53},"end":{"line":46,"column":57}}],"line":46},"11":{"loc":{"start":{"line":47,"column":45},"end":{"line":47,"column":76}},"type":"cond-expr","locations":[{"start":{"line":47,"column":55},"end":{"line":47,"column":64}},{"start":{"line":47,"column":67},"end":{"line":47,"column":76}}],"line":47},"12":{"loc":{"start":{"line":60,"column":4},"end":{"line":66,"column":5}},"type":"if","locations":[{"start":{"line":60,"column":4},"end":{"line":66,"column":5}},{"start":{},"end":{}}],"line":60}},"s":{"0":0,"1":0,"2":0,"3":0,"4":0,"5":0,"6":0,"7":0,"8":0,"9":0,"10":0,"11":0,"12":0,"13":0,"14":0,"15":0,"16":0,"17":0,"18":0,"19":0,"20":0,"21":0},"f":{"0":0,"1":0,"2":0,"3":0,"4":0,"5":0},"b":{"0":[0,0],"1":[0,0],"2":[0,0],"3":[0,0],"4":[0],"5":[0],"6":[0,0],"7":[0,0],"8":[0,0],"9":[0,0],"10":[0],"11":[0,0],"12":[0,0]}}
,"/Users/hawkpdx/Development/code/project-dev-resume/src/utils/validation.js": {"path":"/Users/hawkpdx/Development/code/project-dev-resume/src/utils/validation.js","statementMap":{"0":{"start":{"line":1,"column":29},"end":{"line":4,"column":1}},"1":{"start":{"line":2,"column":15},"end":{"line":2,"column":43}},"2":{"start":{"line":3,"column":4},"end":{"line":3,"column":26}},"3":{"start":{"line":6,"column":29},"end":{"line":9,"column":1}},"4":{"start":{"line":7,"column":15},"end":{"line":7,"column":32}},"5":{"start":{"line":8,"column":4},"end":{"line":8,"column":26}},"6":{"start":{"line":11,"column":28},"end":{"line":30,"column":1}},"7":{"start":{"line":12,"column":19},"end":{"line":12,"column":21}},"8":{"start":{"line":14,"column":4},"end":{"line":16,"column":5}},"9":{"start":{"line":15,"column":8},"end":{"line":15,"column":59}},"10":{"start":{"line":18,"column":4},"end":{"line":20,"column":5}},"11":{"start":{"line":19,"column":8},"end":{"line":19,"column":60}},"12":{"start":{"line":22,"column":4},"end":{"line":24,"column":5}},"13":{"start":{"line":23,"column":8},"end":{"line":23,"column":66}},"14":{"start":{"line":26,"column":4},"end":{"line":29,"column":6}}},"fnMap":{"0":{"name":"(anonymous_0)","decl":{"start":{"line":1,"column":29},"end":{"line":1,"column":30}},"loc":{"start":{"line":1,"column":40},"end":{"line":4,"column":1}},"line":1},"1":{"name":"(anonymous_1)","decl":{"start":{"line":6,"column":29},"end":{"line":6,"column":30}},"loc":{"start":{"line":6,"column":40},"end":{"line":9,"column":1}},"line":6},"2":{"name":"(anonymous_2)","decl":{"start":{"line":11,"column":28},"end":{"line":11,"column":29}},"loc":{"start":{"line":11,"column":42},"end":{"line":30,"column":1}},"line":11}},"branchMap":{"0":{"loc":{"start":{"line":14,"column":4},"end":{"line":16,"column":5}},"type":"if","locations":[{"start":{"line":14,"column":4},"end":{"line":16,"column":5}},{"start":{},"end":{}}],"line":14},"1":{"loc":{"start":{"line":14,"column":8},"end":{"line":14,"column":57}},"type":"binary-expr","locations":[{"start":{"line":14,"column":8},"end":{"line":14,"column":22}},{"start":{"line":14,"column":26},"end":{"line":14,"column":57}}],"line":14},"2":{"loc":{"start":{"line":18,"column":4},"end":{"line":20,"column":5}},"type":"if","locations":[{"start":{"line":18,"column":4},"end":{"line":20,"column":5}},{"start":{},"end":{}}],"line":18},"3":{"loc":{"start":{"line":22,"column":4},"end":{"line":24,"column":5}},"type":"if","locations":[{"start":{"line":22,"column":4},"end":{"line":24,"column":5}},{"start":{},"end":{}}],"line":22},"4":{"loc":{"start":{"line":22,"column":8},"end":{"line":22,"column":64}},"type":"binary-expr","locations":[{"start":{"line":22,"column":8},"end":{"line":22,"column":25}},{"start":{"line":22,"column":29},"end":{"line":22,"column":64}}],"line":22}},"s":{"0":1,"1":11,"2":11,"3":1,"4":6,"5":6,"6":1,"7":4,"8":4,"9":1,"10":4,"11":1,"12":4,"13":1,"14":4},"f":{"0":11,"1":6,"2":4},"b":{"0":[1,3],"1":[4,3],"2":[1,3],"3":[1,3],"4":[4,4]},"_coverageSchema":"1a1c01bbd47fc00a2c39e90264f33305004495a9","hash":"70f8052958be21e1e9cead2d3c263994640b6be3"}
}
